ERROR - 2022-05-11 11:35:59 --> Error connecting to the database: No such file or directory
ERROR - 2022-05-11 11:36:49 --> Error connecting to the database: No such file or directory
ERROR - 2022-05-11 11:38:45 --> Error connecting to the database: No such file or directory
ERROR - 2022-05-11 11:39:29 --> Error connecting to the database: No such file or directory
ERROR - 2022-05-11 11:40:44 --> Error connecting to the database: No such file or directory
ERROR - 2022-05-11 11:41:40 --> Error connecting to the database: Connection refused
ERROR - 2022-05-11 11:41:59 --> Error connecting to the database: No such file or directory
ERROR - 2022-05-11 11:42:09 --> Error connecting to the database: Connection refused
ERROR - 2022-05-11 11:42:48 --> Error connecting to the database: No such file or directory
ERROR - 2022-05-11 11:42:59 --> Error connecting to the database: Connection refused
ERROR - 2022-05-11 11:43:06 --> Error connecting to the database: No such file or directory
CRITICAL - 2022-05-11 11:45:05 --> Undefined variable: default
#0 /Applications/XAMPP/xamppfiles/htdocs/TUTORIAL/gudang-alfikri/app/Config/Database.php(90): CodeIgniter\Debug\Exceptions->errorHandler(8, 'Undefined varia...', '/Applications/X...', 90, Array)
#1 /Applications/XAMPP/xamppfiles/htdocs/TUTORIAL/gudang-alfikri/vendor/codeigniter4/framework/system/Config/Factories.php(110): Config\Database->__construct()
#2 /Applications/XAMPP/xamppfiles/htdocs/TUTORIAL/gudang-alfikri/vendor/codeigniter4/framework/system/Common.php(198): CodeIgniter\Config\Factories::__callStatic('config', Array)
#3 /Applications/XAMPP/xamppfiles/htdocs/TUTORIAL/gudang-alfikri/vendor/codeigniter4/framework/system/Database/MigrationRunner.php(143): config('Database')
#4 /Applications/XAMPP/xamppfiles/htdocs/TUTORIAL/gudang-alfikri/vendor/codeigniter4/framework/system/Config/Services.php(376): CodeIgniter\Database\MigrationRunner->__construct(Object(Config\Migrations), NULL)
#5 /Applications/XAMPP/xamppfiles/htdocs/TUTORIAL/gudang-alfikri/vendor/codeigniter4/framework/system/Config/BaseService.php(248): CodeIgniter\Config\Services::migrations(Object(Config\Migrations), NULL, false)
#6 /Applications/XAMPP/xamppfiles/htdocs/TUTORIAL/gudang-alfikri/vendor/codeigniter4/framework/system/Config/BaseService.php(189): CodeIgniter\Config\BaseService::__callStatic('migrations', Array)
#7 /Applications/XAMPP/xamppfiles/htdocs/TUTORIAL/gudang-alfikri/vendor/codeigniter4/framework/system/Config/Services.php(371): CodeIgniter\Config\BaseService::getSharedInstance('migrations', NULL, NULL)
#8 /Applications/XAMPP/xamppfiles/htdocs/TUTORIAL/gudang-alfikri/vendor/codeigniter4/framework/system/Config/BaseService.php(248): CodeIgniter\Config\Services::migrations()
#9 /Applications/XAMPP/xamppfiles/htdocs/TUTORIAL/gudang-alfikri/vendor/codeigniter4/framework/system/Commands/Database/Migrate.php(69): CodeIgniter\Config\BaseService::__callStatic('migrations', Array)
#10 /Applications/XAMPP/xamppfiles/htdocs/TUTORIAL/gudang-alfikri/vendor/codeigniter4/framework/system/CLI/Commands.php(63): CodeIgniter\Commands\Database\Migrate->run(Array)
#11 /Applications/XAMPP/xamppfiles/htdocs/TUTORIAL/gudang-alfikri/vendor/codeigniter4/framework/system/CLI/CommandRunner.php(70): CodeIgniter\CLI\Commands->run('migrate', Array)
#12 /Applications/XAMPP/xamppfiles/htdocs/TUTORIAL/gudang-alfikri/vendor/codeigniter4/framework/system/CLI/CommandRunner.php(56): CodeIgniter\CLI\CommandRunner->index(Array)
#13 /Applications/XAMPP/xamppfiles/htdocs/TUTORIAL/gudang-alfikri/vendor/codeigniter4/framework/system/CodeIgniter.php(830): CodeIgniter\CLI\CommandRunner->_remap('index', 'migrate')
#14 /Applications/XAMPP/xamppfiles/htdocs/TUTORIAL/gudang-alfikri/vendor/codeigniter4/framework/system/CodeIgniter.php(419): CodeIgniter\CodeIgniter->runController(Object(CodeIgniter\CLI\CommandRunner))
#15 /Applications/XAMPP/xamppfiles/htdocs/TUTORIAL/gudang-alfikri/vendor/codeigniter4/framework/system/CodeIgniter.php(326): CodeIgniter\CodeIgniter->handleRequest(NULL, Object(Config\Cache), false)
#16 /Applications/XAMPP/xamppfiles/htdocs/TUTORIAL/gudang-alfikri/vendor/codeigniter4/framework/system/CLI/Console.php(48): CodeIgniter\CodeIgniter->run()
#17 /Applications/XAMPP/xamppfiles/htdocs/TUTORIAL/gudang-alfikri/spark(63): CodeIgniter\CLI\Console->run()
#18 {main}
ERROR - 2022-05-11 11:45:52 --> Error connecting to the database: No such file or directory
ERROR - 2022-05-11 11:46:30 --> Error connecting to the database: No such file or directory
ERROR - 2022-05-11 11:51:56 --> Error connecting to the database: No such file or directory
ERROR - 2022-05-11 11:52:39 --> Error connecting to the database: No such file or directory
ERROR - 2022-05-11 11:58:36 --> Error connecting to the database: No such file or directory
ERROR - 2022-05-11 12:00:35 --> Error connecting to the database: No such file or directory
ERROR - 2022-05-11 12:01:58 --> Error connecting to the database: No such file or directory
