ERROR - 2023-02-02 00:10:02 --> Unknown column 'image_old' in 'field list'
CRITICAL - 2023-02-02 00:10:02 --> Unknown column 'image_old' in 'field list'
in SYSTEMPATH/Database/MySQLi/Connection.php on line 292.
 1 SYSTEMPATH/Database/MySQLi/Connection.php(292): mysqli->query('UPDATE `tb_pegawai` SET `image_old` = \'1675266869_214edcb5100b88030ef2.jpg\', `nama_lengkap` = \'Muhammad Alfikri\', `email` = \'muhalfikri579@gmail.com\', `whatsapp` = \'083872806501\', `alamat` = \'Jl Raya Inkopad\', `image` = \'1675266869_214edcb5100b88030ef2.jpg\', `hash_identity` = \'bZa2yp3rUnTgP4Yh\'
WHERE `id` = \'1\'', 0)
 2 SYSTEMPATH/Database/BaseConnection.php(695): CodeIgniter\Database\MySQLi\Connection->execute('UPDATE `tb_pegawai` SET `image_old` = \'1675266869_214edcb5100b88030ef2.jpg\', `nama_lengkap` = \'Muhammad Alfikri\', `email` = \'muhalfikri579@gmail.com\', `whatsapp` = \'083872806501\', `alamat` = \'Jl Raya Inkopad\', `image` = \'1675266869_214edcb5100b88030ef2.jpg\', `hash_identity` = \'bZa2yp3rUnTgP4Yh\'
WHERE `id` = \'1\'')
 3 SYSTEMPATH/Database/BaseConnection.php(609): CodeIgniter\Database\BaseConnection->simpleQuery('UPDATE `tb_pegawai` SET `image_old` = \'1675266869_214edcb5100b88030ef2.jpg\', `nama_lengkap` = \'Muhammad Alfikri\', `email` = \'muhalfikri579@gmail.com\', `whatsapp` = \'083872806501\', `alamat` = \'Jl Raya Inkopad\', `image` = \'1675266869_214edcb5100b88030ef2.jpg\', `hash_identity` = \'bZa2yp3rUnTgP4Yh\'
WHERE `id` = \'1\'')
 4 SYSTEMPATH/Database/BaseBuilder.php(2046): CodeIgniter\Database\BaseConnection->query('UPDATE `tb_pegawai` SET `image_old` = :image_old:, `nama_lengkap` = :nama_lengkap:, `email` = :email:, `whatsapp` = :whatsapp:, `alamat` = :alamat:, `image` = :image:, `hash_identity` = :hash_identity:
WHERE `id` = :id:', [...], false)
 5 APPPATH/Helpers/crud_helper.php(54): CodeIgniter\Database\BaseBuilder->update([...])
 6 ROOTPATH/Modules/Pegawai/Controllers/PegawaiController.php(108): update('tb_pegawai', [...], [...])
 7 SYSTEMPATH/CodeIgniter.php(896): Modules\Pegawai\Controllers\PegawaiController->update()
 8 SYSTEMPATH/CodeIgniter.php(466): CodeIgniter\CodeIgniter->runController(Object(Modules\Pegawai\Controllers\PegawaiController))
 9 SYSTEMPATH/CodeIgniter.php(349): CodeIgniter\CodeIgniter->handleRequest(null, Object(Config\Cache), false)
10 FCPATH/index.php(55): CodeIgniter\CodeIgniter->run()
11 SYSTEMPATH/Commands/Server/rewrite.php(43): require_once('FCPATH/index.php')
CRITICAL - 2023-02-02 00:22:52 --> Undefined variable: upload
in ROOTPATH/Modules/Pegawai/Controllers/PegawaiController.php on line 46.
 1 ROOTPATH/Modules/Pegawai/Controllers/PegawaiController.php(46): CodeIgniter\Debug\Exceptions->errorHandler(8, 'Undefined variable: upload', 'ROOTPATH/Modules/Pegawai/Controllers/PegawaiController.php', 46, [...])
 2 SYSTEMPATH/CodeIgniter.php(896): Modules\Pegawai\Controllers\PegawaiController->save()
 3 SYSTEMPATH/CodeIgniter.php(466): CodeIgniter\CodeIgniter->runController(Object(Modules\Pegawai\Controllers\PegawaiController))
 4 SYSTEMPATH/CodeIgniter.php(349): CodeIgniter\CodeIgniter->handleRequest(null, Object(Config\Cache), false)
 5 FCPATH/index.php(55): CodeIgniter\CodeIgniter->run()
 6 SYSTEMPATH/Commands/Server/rewrite.php(43): require_once('FCPATH/index.php')
CRITICAL - 2023-02-02 00:23:09 --> finfo_file(/private/var/folders/8p/fk8d93vn04zcmcx7stsgj1kw0000gn/T/phpZnInm3): failed to open stream: No such file or directory
in SYSTEMPATH/Files/File.php on line 114.
 1 [internal function]: CodeIgniter\Debug\Exceptions->errorHandler(2, 'finfo_file(/private/var/folders/8p/fk8d93vn04zcmcx7stsgj1kw0000gn/T/phpZnInm3): failed to open stream: No such file or directory', 'SYSTEMPATH/Files/File.php', 114, [...])
 2 SYSTEMPATH/Files/File.php(114): finfo_file(resource (file_info), '/private/var/folders/8p/fk8d93vn04zcmcx7stsgj1kw0000gn/T/phpZnInm3')
 3 SYSTEMPATH/HTTP/Files/UploadedFile.php(302): CodeIgniter\Files\File->getMimeType()
 4 SYSTEMPATH/HTTP/Files/UploadedFile.php(291): CodeIgniter\HTTP\Files\UploadedFile->guessExtension()
 5 SYSTEMPATH/Files/File.php(126): CodeIgniter\HTTP\Files\UploadedFile->getExtension()
 6 ROOTPATH/Modules/Pegawai/Controllers/PegawaiController.php(47): CodeIgniter\Files\File->getRandomName()
 7 SYSTEMPATH/CodeIgniter.php(896): Modules\Pegawai\Controllers\PegawaiController->save()
 8 SYSTEMPATH/CodeIgniter.php(466): CodeIgniter\CodeIgniter->runController(Object(Modules\Pegawai\Controllers\PegawaiController))
 9 SYSTEMPATH/CodeIgniter.php(349): CodeIgniter\CodeIgniter->handleRequest(null, Object(Config\Cache), false)
10 FCPATH/index.php(55): CodeIgniter\CodeIgniter->run()
11 SYSTEMPATH/Commands/Server/rewrite.php(43): require_once('FCPATH/index.php')
CRITICAL - 2023-02-02 00:33:21 --> Undefined variable: image_new
in ROOTPATH/Modules/Pegawai/Controllers/PegawaiController.php on line 105.
 1 ROOTPATH/Modules/Pegawai/Controllers/PegawaiController.php(105): CodeIgniter\Debug\Exceptions->errorHandler(8, 'Undefined variable: image_new', 'ROOTPATH/Modules/Pegawai/Controllers/PegawaiController.php', 105, [...])
 2 SYSTEMPATH/CodeIgniter.php(896): Modules\Pegawai\Controllers\PegawaiController->update()
 3 SYSTEMPATH/CodeIgniter.php(466): CodeIgniter\CodeIgniter->runController(Object(Modules\Pegawai\Controllers\PegawaiController))
 4 SYSTEMPATH/CodeIgniter.php(349): CodeIgniter\CodeIgniter->handleRequest(null, Object(Config\Cache), false)
 5 FCPATH/index.php(55): CodeIgniter\CodeIgniter->run()
 6 SYSTEMPATH/Commands/Server/rewrite.php(43): require_once('FCPATH/index.php')
CRITICAL - 2023-02-02 00:36:26 --> Undefined index: image
in ROOTPATH/Modules/Pegawai/Controllers/PegawaiController.php on line 79.
 1 ROOTPATH/Modules/Pegawai/Controllers/PegawaiController.php(79): CodeIgniter\Debug\Exceptions->errorHandler(8, 'Undefined index: image', 'ROOTPATH/Modules/Pegawai/Controllers/PegawaiController.php', 79, [...])
 2 SYSTEMPATH/CodeIgniter.php(896): Modules\Pegawai\Controllers\PegawaiController->update()
 3 SYSTEMPATH/CodeIgniter.php(466): CodeIgniter\CodeIgniter->runController(Object(Modules\Pegawai\Controllers\PegawaiController))
 4 SYSTEMPATH/CodeIgniter.php(349): CodeIgniter\CodeIgniter->handleRequest(null, Object(Config\Cache), false)
 5 FCPATH/index.php(55): CodeIgniter\CodeIgniter->run()
 6 SYSTEMPATH/Commands/Server/rewrite.php(43): require_once('FCPATH/index.php')
ERROR - 2023-02-02 01:16:02 --> Column 'deleted_at' in where clause is ambiguous
CRITICAL - 2023-02-02 01:16:02 --> Column 'deleted_at' in where clause is ambiguous
in SYSTEMPATH/Database/MySQLi/Connection.php on line 292.
 1 SYSTEMPATH/Database/MySQLi/Connection.php(292): mysqli->query('SELECT `a`.*, `b`.`nama_group`
FROM `tb_users` AS `a`
LEFT JOIN `tb_group` AS `b` ON `a`.`id_group` = `b`.`id`
WHERE `deleted_at` = 0
ORDER BY `a`.`id` DESC', 0)
 2 SYSTEMPATH/Database/BaseConnection.php(695): CodeIgniter\Database\MySQLi\Connection->execute('SELECT `a`.*, `b`.`nama_group`
FROM `tb_users` AS `a`
LEFT JOIN `tb_group` AS `b` ON `a`.`id_group` = `b`.`id`
WHERE `deleted_at` = 0
ORDER BY `a`.`id` DESC')
 3 SYSTEMPATH/Database/BaseConnection.php(609): CodeIgniter\Database\BaseConnection->simpleQuery('SELECT `a`.*, `b`.`nama_group`
FROM `tb_users` AS `a`
LEFT JOIN `tb_group` AS `b` ON `a`.`id_group` = `b`.`id`
WHERE `deleted_at` = 0
ORDER BY `a`.`id` DESC')
 4 SYSTEMPATH/Database/BaseBuilder.php(1585): CodeIgniter\Database\BaseConnection->query('SELECT `a`.*, `b`.`nama_group`
FROM `tb_users` AS `a`
LEFT JOIN `tb_group` AS `b` ON `a`.`id_group` = `b`.`id`
WHERE `deleted_at` = :deleted_at:
ORDER BY `a`.`id` DESC', [...], false)
 5 APPPATH/Helpers/crud_helper.php(13): CodeIgniter\Database\BaseBuilder->get()
 6 ROOTPATH/Modules/Users/Controllers/UsersController.php(36): get_data_join([...], 1)
 7 SYSTEMPATH/CodeIgniter.php(896): Modules\Users\Controllers\UsersController->data_list()
 8 SYSTEMPATH/CodeIgniter.php(466): CodeIgniter\CodeIgniter->runController(Object(Modules\Users\Controllers\UsersController))
 9 SYSTEMPATH/CodeIgniter.php(349): CodeIgniter\CodeIgniter->handleRequest(null, Object(Config\Cache), false)
10 FCPATH/index.php(55): CodeIgniter\CodeIgniter->run()
11 SYSTEMPATH/Commands/Server/rewrite.php(43): require_once('FCPATH/index.php')
ERROR - 2023-02-02 01:17:27 --> Column 'deleted_at' in where clause is ambiguous
CRITICAL - 2023-02-02 01:17:27 --> Column 'deleted_at' in where clause is ambiguous
in SYSTEMPATH/Database/MySQLi/Connection.php on line 292.
 1 SYSTEMPATH/Database/MySQLi/Connection.php(292): mysqli->query('SELECT `a`.*, `b`.`nama_group`
FROM `tb_users` AS `a`
LEFT JOIN `tb_group` AS `b` ON `a`.`id_group` = `b`.`id`
WHERE `deleted_at` = 0
ORDER BY `a`.`id` DESC', 0)
 2 SYSTEMPATH/Database/BaseConnection.php(695): CodeIgniter\Database\MySQLi\Connection->execute('SELECT `a`.*, `b`.`nama_group`
FROM `tb_users` AS `a`
LEFT JOIN `tb_group` AS `b` ON `a`.`id_group` = `b`.`id`
WHERE `deleted_at` = 0
ORDER BY `a`.`id` DESC')
 3 SYSTEMPATH/Database/BaseConnection.php(609): CodeIgniter\Database\BaseConnection->simpleQuery('SELECT `a`.*, `b`.`nama_group`
FROM `tb_users` AS `a`
LEFT JOIN `tb_group` AS `b` ON `a`.`id_group` = `b`.`id`
WHERE `deleted_at` = 0
ORDER BY `a`.`id` DESC')
 4 SYSTEMPATH/Database/BaseBuilder.php(1585): CodeIgniter\Database\BaseConnection->query('SELECT `a`.*, `b`.`nama_group`
FROM `tb_users` AS `a`
LEFT JOIN `tb_group` AS `b` ON `a`.`id_group` = `b`.`id`
WHERE `deleted_at` = :deleted_at:
ORDER BY `a`.`id` DESC', [...], false)
 5 APPPATH/Helpers/crud_helper.php(13): CodeIgniter\Database\BaseBuilder->get()
 6 ROOTPATH/Modules/Users/Controllers/UsersController.php(36): get_data_join([...], 1)
 7 SYSTEMPATH/CodeIgniter.php(896): Modules\Users\Controllers\UsersController->data_list()
 8 SYSTEMPATH/CodeIgniter.php(466): CodeIgniter\CodeIgniter->runController(Object(Modules\Users\Controllers\UsersController))
 9 SYSTEMPATH/CodeIgniter.php(349): CodeIgniter\CodeIgniter->handleRequest(null, Object(Config\Cache), false)
10 FCPATH/index.php(55): CodeIgniter\CodeIgniter->run()
11 SYSTEMPATH/Commands/Server/rewrite.php(43): require_once('FCPATH/index.php')
ERROR - 2023-02-02 01:18:41 --> Column 'deleted_at' in where clause is ambiguous
CRITICAL - 2023-02-02 01:18:41 --> Column 'deleted_at' in where clause is ambiguous
in SYSTEMPATH/Database/MySQLi/Connection.php on line 292.
 1 SYSTEMPATH/Database/MySQLi/Connection.php(292): mysqli->query('SELECT `a`.*, `b`.`nama_group`
FROM `tb_users` AS `a`
LEFT JOIN `tb_group` AS `b` ON `a`.`id_group` = `b`.`id`
WHERE `deleted_at` = 0
ORDER BY `a`.`id` DESC', 0)
 2 SYSTEMPATH/Database/BaseConnection.php(695): CodeIgniter\Database\MySQLi\Connection->execute('SELECT `a`.*, `b`.`nama_group`
FROM `tb_users` AS `a`
LEFT JOIN `tb_group` AS `b` ON `a`.`id_group` = `b`.`id`
WHERE `deleted_at` = 0
ORDER BY `a`.`id` DESC')
 3 SYSTEMPATH/Database/BaseConnection.php(609): CodeIgniter\Database\BaseConnection->simpleQuery('SELECT `a`.*, `b`.`nama_group`
FROM `tb_users` AS `a`
LEFT JOIN `tb_group` AS `b` ON `a`.`id_group` = `b`.`id`
WHERE `deleted_at` = 0
ORDER BY `a`.`id` DESC')
 4 SYSTEMPATH/Database/BaseBuilder.php(1585): CodeIgniter\Database\BaseConnection->query('SELECT `a`.*, `b`.`nama_group`
FROM `tb_users` AS `a`
LEFT JOIN `tb_group` AS `b` ON `a`.`id_group` = `b`.`id`
WHERE `deleted_at` = :deleted_at:
ORDER BY `a`.`id` DESC', [...], false)
 5 APPPATH/Helpers/crud_helper.php(13): CodeIgniter\Database\BaseBuilder->get()
 6 ROOTPATH/Modules/Users/Controllers/UsersController.php(36): get_data_join([...], 1)
 7 SYSTEMPATH/CodeIgniter.php(896): Modules\Users\Controllers\UsersController->data_list()
 8 SYSTEMPATH/CodeIgniter.php(466): CodeIgniter\CodeIgniter->runController(Object(Modules\Users\Controllers\UsersController))
 9 SYSTEMPATH/CodeIgniter.php(349): CodeIgniter\CodeIgniter->handleRequest(null, Object(Config\Cache), false)
10 FCPATH/index.php(55): CodeIgniter\CodeIgniter->run()
11 SYSTEMPATH/Commands/Server/rewrite.php(43): require_once('FCPATH/index.php')
ERROR - 2023-02-02 01:31:20 --> Unknown column 'password_confirm' in 'field list'
CRITICAL - 2023-02-02 01:31:20 --> Unknown column 'password_confirm' in 'field list'
in SYSTEMPATH/Database/MySQLi/Connection.php on line 292.
 1 SYSTEMPATH/Database/MySQLi/Connection.php(292): mysqli->query('INSERT INTO `tb_users` (`nama_lengkap`, `email`, `no_telp`, `alamat`, `id_group`, `password`, `password_confirm`, `hash_identity`, `image`) VALUES (\'testing\', \'testing@demo.com\', \'081234567890\', \'Jl Raya Inkopad\', \'2\', \'admin\', \'admin\', \'bZa2yp3rUnTgP4Yh\', \'assets/users/1675276280_00b6fe80de0cdaad9f39.jpg\')', 0)
 2 SYSTEMPATH/Database/BaseConnection.php(695): CodeIgniter\Database\MySQLi\Connection->execute('INSERT INTO `tb_users` (`nama_lengkap`, `email`, `no_telp`, `alamat`, `id_group`, `password`, `password_confirm`, `hash_identity`, `image`) VALUES (\'testing\', \'testing@demo.com\', \'081234567890\', \'Jl Raya Inkopad\', \'2\', \'admin\', \'admin\', \'bZa2yp3rUnTgP4Yh\', \'assets/users/1675276280_00b6fe80de0cdaad9f39.jpg\')')
 3 SYSTEMPATH/Database/BaseConnection.php(609): CodeIgniter\Database\BaseConnection->simpleQuery('INSERT INTO `tb_users` (`nama_lengkap`, `email`, `no_telp`, `alamat`, `id_group`, `password`, `password_confirm`, `hash_identity`, `image`) VALUES (\'testing\', \'testing@demo.com\', \'081234567890\', \'Jl Raya Inkopad\', \'2\', \'admin\', \'admin\', \'bZa2yp3rUnTgP4Yh\', \'assets/users/1675276280_00b6fe80de0cdaad9f39.jpg\')')
 4 SYSTEMPATH/Database/BaseBuilder.php(1904): CodeIgniter\Database\BaseConnection->query('INSERT INTO `tb_users` (`nama_lengkap`, `email`, `no_telp`, `alamat`, `id_group`, `password`, `password_confirm`, `hash_identity`, `image`) VALUES (:nama_lengkap:, :email:, :no_telp:, :alamat:, :id_group:, :password:, :password_confirm:, :hash_identity:, :image:)', [...], false)
 5 APPPATH/Helpers/crud_helper.php(43): CodeIgniter\Database\BaseBuilder->insert([...])
 6 ROOTPATH/Modules/Users/Controllers/UsersController.php(47): insert('tb_users', [...])
 7 SYSTEMPATH/CodeIgniter.php(896): Modules\Users\Controllers\UsersController->save()
 8 SYSTEMPATH/CodeIgniter.php(466): CodeIgniter\CodeIgniter->runController(Object(Modules\Users\Controllers\UsersController))
 9 SYSTEMPATH/CodeIgniter.php(349): CodeIgniter\CodeIgniter->handleRequest(null, Object(Config\Cache), false)
10 FCPATH/index.php(55): CodeIgniter\CodeIgniter->run()
11 SYSTEMPATH/Commands/Server/rewrite.php(43): require_once('FCPATH/index.php')
ERROR - 2023-02-02 01:33:13 --> Unknown column 'image' in 'field list'
CRITICAL - 2023-02-02 01:33:13 --> Unknown column 'image' in 'field list'
in SYSTEMPATH/Database/MySQLi/Connection.php on line 292.
 1 SYSTEMPATH/Database/MySQLi/Connection.php(292): mysqli->query('INSERT INTO `tb_users` (`nama_lengkap`, `email`, `no_telp`, `alamat`, `id_group`, `password`, `hash_identity`, `image`) VALUES (\'testing\', \'testing@demo.com\', \'081234567890\', \'Jl Raya Inkopad\', \'2\', \'21232f297a57a5a743894a0e4a801fc3\', \'bZa2yp3rUnTgP4Yh\', \'assets/users/1675276393_aab2816721561828cc27.jpg\')', 0)
 2 SYSTEMPATH/Database/BaseConnection.php(695): CodeIgniter\Database\MySQLi\Connection->execute('INSERT INTO `tb_users` (`nama_lengkap`, `email`, `no_telp`, `alamat`, `id_group`, `password`, `hash_identity`, `image`) VALUES (\'testing\', \'testing@demo.com\', \'081234567890\', \'Jl Raya Inkopad\', \'2\', \'21232f297a57a5a743894a0e4a801fc3\', \'bZa2yp3rUnTgP4Yh\', \'assets/users/1675276393_aab2816721561828cc27.jpg\')')
 3 SYSTEMPATH/Database/BaseConnection.php(609): CodeIgniter\Database\BaseConnection->simpleQuery('INSERT INTO `tb_users` (`nama_lengkap`, `email`, `no_telp`, `alamat`, `id_group`, `password`, `hash_identity`, `image`) VALUES (\'testing\', \'testing@demo.com\', \'081234567890\', \'Jl Raya Inkopad\', \'2\', \'21232f297a57a5a743894a0e4a801fc3\', \'bZa2yp3rUnTgP4Yh\', \'assets/users/1675276393_aab2816721561828cc27.jpg\')')
 4 SYSTEMPATH/Database/BaseBuilder.php(1904): CodeIgniter\Database\BaseConnection->query('INSERT INTO `tb_users` (`nama_lengkap`, `email`, `no_telp`, `alamat`, `id_group`, `password`, `hash_identity`, `image`) VALUES (:nama_lengkap:, :email:, :no_telp:, :alamat:, :id_group:, :password:, :hash_identity:, :image:)', [...], false)
 5 APPPATH/Helpers/crud_helper.php(43): CodeIgniter\Database\BaseBuilder->insert([...])
 6 ROOTPATH/Modules/Users/Controllers/UsersController.php(50): insert('tb_users', [...])
 7 SYSTEMPATH/CodeIgniter.php(896): Modules\Users\Controllers\UsersController->save()
 8 SYSTEMPATH/CodeIgniter.php(466): CodeIgniter\CodeIgniter->runController(Object(Modules\Users\Controllers\UsersController))
 9 SYSTEMPATH/CodeIgniter.php(349): CodeIgniter\CodeIgniter->handleRequest(null, Object(Config\Cache), false)
10 FCPATH/index.php(55): CodeIgniter\CodeIgniter->run()
11 SYSTEMPATH/Commands/Server/rewrite.php(43): require_once('FCPATH/index.php')
