ERROR - 2022-05-20 11:40:56 --> You have an error in your SQL syntax; check the manual that corresponds to your MariaDB server version for the right syntax to use near '0, 1, 2, 3, 4) VALUES (:0:, :1:, :2:, :3:, :4:)' at line 1
ERROR - 2022-05-20 12:04:56 --> Unknown column 'description' in 'field list'
ERROR - 2022-05-20 12:05:39 --> Unknown column 'description' in 'field list'
CRITICAL - 2022-05-20 12:51:08 --> Using $this when not in object context
#0 /Applications/XAMPP/xamppfiles/htdocs/gudang-alfikri/Modules/Auth/Views/index.php(4): identity()
#1 /Applications/XAMPP/xamppfiles/htdocs/gudang-alfikri/vendor/codeigniter4/framework/system/View/View.php(210): include('/Applications/X...')
#2 /Applications/XAMPP/xamppfiles/htdocs/gudang-alfikri/vendor/codeigniter4/framework/system/View/View.php(213): CodeIgniter\View\View->CodeIgniter\View\{closure}()
#3 /Applications/XAMPP/xamppfiles/htdocs/gudang-alfikri/vendor/codeigniter4/framework/system/Common.php(1089): CodeIgniter\View\View->render('Modules\\Auth\\Vi...', Array, true)
#4 /Applications/XAMPP/xamppfiles/htdocs/gudang-alfikri/Modules/Auth/Controllers/AuthController.php(11): view('Modules\\Auth\\Vi...')
#5 /Applications/XAMPP/xamppfiles/htdocs/gudang-alfikri/vendor/codeigniter4/framework/system/CodeIgniter.php(832): Modules\Auth\Controllers\AuthController->index()
#6 /Applications/XAMPP/xamppfiles/htdocs/gudang-alfikri/vendor/codeigniter4/framework/system/CodeIgniter.php(419): CodeIgniter\CodeIgniter->runController(Object(Modules\Auth\Controllers\AuthController))
#7 /Applications/XAMPP/xamppfiles/htdocs/gudang-alfikri/vendor/codeigniter4/framework/system/CodeIgniter.php(326): CodeIgniter\CodeIgniter->handleRequest(NULL, Object(Config\Cache), false)
#8 /Applications/XAMPP/xamppfiles/htdocs/gudang-alfikri/public/index.php(37): CodeIgniter\CodeIgniter->run()
#9 /Applications/XAMPP/xamppfiles/htdocs/gudang-alfikri/vendor/codeigniter4/framework/system/Commands/Server/rewrite.php(43): require_once('/Applications/X...')
#10 {main}
CRITICAL - 2022-05-20 12:52:16 --> Trying to get property 'db' of non-object
#0 /Applications/XAMPP/xamppfiles/htdocs/gudang-alfikri/app/Helpers/identity_helper.php(7): CodeIgniter\Debug\Exceptions->errorHandler(8, 'Trying to get p...', '/Applications/X...', 7, Array)
#1 /Applications/XAMPP/xamppfiles/htdocs/gudang-alfikri/Modules/Auth/Views/index.php(4): identity()
#2 /Applications/XAMPP/xamppfiles/htdocs/gudang-alfikri/vendor/codeigniter4/framework/system/View/View.php(210): include('/Applications/X...')
#3 /Applications/XAMPP/xamppfiles/htdocs/gudang-alfikri/vendor/codeigniter4/framework/system/View/View.php(213): CodeIgniter\View\View->CodeIgniter\View\{closure}()
#4 /Applications/XAMPP/xamppfiles/htdocs/gudang-alfikri/vendor/codeigniter4/framework/system/Common.php(1089): CodeIgniter\View\View->render('Modules\\Auth\\Vi...', Array, true)
#5 /Applications/XAMPP/xamppfiles/htdocs/gudang-alfikri/Modules/Auth/Controllers/AuthController.php(11): view('Modules\\Auth\\Vi...')
#6 /Applications/XAMPP/xamppfiles/htdocs/gudang-alfikri/vendor/codeigniter4/framework/system/CodeIgniter.php(832): Modules\Auth\Controllers\AuthController->index()
#7 /Applications/XAMPP/xamppfiles/htdocs/gudang-alfikri/vendor/codeigniter4/framework/system/CodeIgniter.php(419): CodeIgniter\CodeIgniter->runController(Object(Modules\Auth\Controllers\AuthController))
#8 /Applications/XAMPP/xamppfiles/htdocs/gudang-alfikri/vendor/codeigniter4/framework/system/CodeIgniter.php(326): CodeIgniter\CodeIgniter->handleRequest(NULL, Object(Config\Cache), false)
#9 /Applications/XAMPP/xamppfiles/htdocs/gudang-alfikri/public/index.php(37): CodeIgniter\CodeIgniter->run()
#10 /Applications/XAMPP/xamppfiles/htdocs/gudang-alfikri/vendor/codeigniter4/framework/system/Commands/Server/rewrite.php(43): require_once('/Applications/X...')
#11 {main}
CRITICAL - 2022-05-20 12:54:40 --> Call to undefined method CodeIgniter\Database\MySQLi\Builder::getRow()
#0 /Applications/XAMPP/xamppfiles/htdocs/gudang-alfikri/Modules/Auth/Views/index.php(4): identity()
#1 /Applications/XAMPP/xamppfiles/htdocs/gudang-alfikri/vendor/codeigniter4/framework/system/View/View.php(210): include('/Applications/X...')
#2 /Applications/XAMPP/xamppfiles/htdocs/gudang-alfikri/vendor/codeigniter4/framework/system/View/View.php(213): CodeIgniter\View\View->CodeIgniter\View\{closure}()
#3 /Applications/XAMPP/xamppfiles/htdocs/gudang-alfikri/vendor/codeigniter4/framework/system/Common.php(1089): CodeIgniter\View\View->render('Modules\\Auth\\Vi...', Array, true)
#4 /Applications/XAMPP/xamppfiles/htdocs/gudang-alfikri/Modules/Auth/Controllers/AuthController.php(11): view('Modules\\Auth\\Vi...')
#5 /Applications/XAMPP/xamppfiles/htdocs/gudang-alfikri/vendor/codeigniter4/framework/system/CodeIgniter.php(832): Modules\Auth\Controllers\AuthController->index()
#6 /Applications/XAMPP/xamppfiles/htdocs/gudang-alfikri/vendor/codeigniter4/framework/system/CodeIgniter.php(419): CodeIgniter\CodeIgniter->runController(Object(Modules\Auth\Controllers\AuthController))
#7 /Applications/XAMPP/xamppfiles/htdocs/gudang-alfikri/vendor/codeigniter4/framework/system/CodeIgniter.php(326): CodeIgniter\CodeIgniter->handleRequest(NULL, Object(Config\Cache), false)
#8 /Applications/XAMPP/xamppfiles/htdocs/gudang-alfikri/public/index.php(37): CodeIgniter\CodeIgniter->run()
#9 /Applications/XAMPP/xamppfiles/htdocs/gudang-alfikri/vendor/codeigniter4/framework/system/Commands/Server/rewrite.php(43): require_once('/Applications/X...')
#10 {main}
CRITICAL - 2022-05-20 12:57:50 --> Undefined variable: query
#0 /Applications/XAMPP/xamppfiles/htdocs/gudang-alfikri/app/Helpers/identity_helper.php(10): CodeIgniter\Debug\Exceptions->errorHandler(8, 'Undefined varia...', '/Applications/X...', 10, Array)
#1 /Applications/XAMPP/xamppfiles/htdocs/gudang-alfikri/Modules/Auth/Views/index.php(4): identity()
#2 /Applications/XAMPP/xamppfiles/htdocs/gudang-alfikri/vendor/codeigniter4/framework/system/View/View.php(210): include('/Applications/X...')
#3 /Applications/XAMPP/xamppfiles/htdocs/gudang-alfikri/vendor/codeigniter4/framework/system/View/View.php(213): CodeIgniter\View\View->CodeIgniter\View\{closure}()
#4 /Applications/XAMPP/xamppfiles/htdocs/gudang-alfikri/vendor/codeigniter4/framework/system/Common.php(1089): CodeIgniter\View\View->render('Modules\\Auth\\Vi...', Array, true)
#5 /Applications/XAMPP/xamppfiles/htdocs/gudang-alfikri/Modules/Auth/Controllers/AuthController.php(11): view('Modules\\Auth\\Vi...')
#6 /Applications/XAMPP/xamppfiles/htdocs/gudang-alfikri/vendor/codeigniter4/framework/system/CodeIgniter.php(832): Modules\Auth\Controllers\AuthController->index()
#7 /Applications/XAMPP/xamppfiles/htdocs/gudang-alfikri/vendor/codeigniter4/framework/system/CodeIgniter.php(419): CodeIgniter\CodeIgniter->runController(Object(Modules\Auth\Controllers\AuthController))
#8 /Applications/XAMPP/xamppfiles/htdocs/gudang-alfikri/vendor/codeigniter4/framework/system/CodeIgniter.php(326): CodeIgniter\CodeIgniter->handleRequest(NULL, Object(Config\Cache), false)
#9 /Applications/XAMPP/xamppfiles/htdocs/gudang-alfikri/public/index.php(37): CodeIgniter\CodeIgniter->run()
#10 /Applications/XAMPP/xamppfiles/htdocs/gudang-alfikri/vendor/codeigniter4/framework/system/Commands/Server/rewrite.php(43): require_once('/Applications/X...')
#11 {main}
CRITICAL - 2022-05-20 12:59:51 --> Call to undefined method CodeIgniter\Database\MySQLi\Builder::getResultArray()
#0 /Applications/XAMPP/xamppfiles/htdocs/gudang-alfikri/Modules/Auth/Views/index.php(4): identity()
#1 /Applications/XAMPP/xamppfiles/htdocs/gudang-alfikri/vendor/codeigniter4/framework/system/View/View.php(210): include('/Applications/X...')
#2 /Applications/XAMPP/xamppfiles/htdocs/gudang-alfikri/vendor/codeigniter4/framework/system/View/View.php(213): CodeIgniter\View\View->CodeIgniter\View\{closure}()
#3 /Applications/XAMPP/xamppfiles/htdocs/gudang-alfikri/vendor/codeigniter4/framework/system/Common.php(1089): CodeIgniter\View\View->render('Modules\\Auth\\Vi...', Array, true)
#4 /Applications/XAMPP/xamppfiles/htdocs/gudang-alfikri/Modules/Auth/Controllers/AuthController.php(11): view('Modules\\Auth\\Vi...')
#5 /Applications/XAMPP/xamppfiles/htdocs/gudang-alfikri/vendor/codeigniter4/framework/system/CodeIgniter.php(832): Modules\Auth\Controllers\AuthController->index()
#6 /Applications/XAMPP/xamppfiles/htdocs/gudang-alfikri/vendor/codeigniter4/framework/system/CodeIgniter.php(419): CodeIgniter\CodeIgniter->runController(Object(Modules\Auth\Controllers\AuthController))
#7 /Applications/XAMPP/xamppfiles/htdocs/gudang-alfikri/vendor/codeigniter4/framework/system/CodeIgniter.php(326): CodeIgniter\CodeIgniter->handleRequest(NULL, Object(Config\Cache), false)
#8 /Applications/XAMPP/xamppfiles/htdocs/gudang-alfikri/public/index.php(37): CodeIgniter\CodeIgniter->run()
#9 /Applications/XAMPP/xamppfiles/htdocs/gudang-alfikri/vendor/codeigniter4/framework/system/Commands/Server/rewrite.php(43): require_once('/Applications/X...')
#10 {main}
CRITICAL - 2022-05-20 13:00:10 --> Call to undefined method CodeIgniter\Database\MySQLi\Result::rowArray()
#0 /Applications/XAMPP/xamppfiles/htdocs/gudang-alfikri/Modules/Auth/Views/index.php(4): identity()
#1 /Applications/XAMPP/xamppfiles/htdocs/gudang-alfikri/vendor/codeigniter4/framework/system/View/View.php(210): include('/Applications/X...')
#2 /Applications/XAMPP/xamppfiles/htdocs/gudang-alfikri/vendor/codeigniter4/framework/system/View/View.php(213): CodeIgniter\View\View->CodeIgniter\View\{closure}()
#3 /Applications/XAMPP/xamppfiles/htdocs/gudang-alfikri/vendor/codeigniter4/framework/system/Common.php(1089): CodeIgniter\View\View->render('Modules\\Auth\\Vi...', Array, true)
#4 /Applications/XAMPP/xamppfiles/htdocs/gudang-alfikri/Modules/Auth/Controllers/AuthController.php(11): view('Modules\\Auth\\Vi...')
#5 /Applications/XAMPP/xamppfiles/htdocs/gudang-alfikri/vendor/codeigniter4/framework/system/CodeIgniter.php(832): Modules\Auth\Controllers\AuthController->index()
#6 /Applications/XAMPP/xamppfiles/htdocs/gudang-alfikri/vendor/codeigniter4/framework/system/CodeIgniter.php(419): CodeIgniter\CodeIgniter->runController(Object(Modules\Auth\Controllers\AuthController))
#7 /Applications/XAMPP/xamppfiles/htdocs/gudang-alfikri/vendor/codeigniter4/framework/system/CodeIgniter.php(326): CodeIgniter\CodeIgniter->handleRequest(NULL, Object(Config\Cache), false)
#8 /Applications/XAMPP/xamppfiles/htdocs/gudang-alfikri/public/index.php(37): CodeIgniter\CodeIgniter->run()
#9 /Applications/XAMPP/xamppfiles/htdocs/gudang-alfikri/vendor/codeigniter4/framework/system/Commands/Server/rewrite.php(43): require_once('/Applications/X...')
#10 {main}
CRITICAL - 2022-05-20 13:00:17 --> Call to undefined method CodeIgniter\Database\MySQLi\Result::resultArray()
#0 /Applications/XAMPP/xamppfiles/htdocs/gudang-alfikri/Modules/Auth/Views/index.php(4): identity()
#1 /Applications/XAMPP/xamppfiles/htdocs/gudang-alfikri/vendor/codeigniter4/framework/system/View/View.php(210): include('/Applications/X...')
#2 /Applications/XAMPP/xamppfiles/htdocs/gudang-alfikri/vendor/codeigniter4/framework/system/View/View.php(213): CodeIgniter\View\View->CodeIgniter\View\{closure}()
#3 /Applications/XAMPP/xamppfiles/htdocs/gudang-alfikri/vendor/codeigniter4/framework/system/Common.php(1089): CodeIgniter\View\View->render('Modules\\Auth\\Vi...', Array, true)
#4 /Applications/XAMPP/xamppfiles/htdocs/gudang-alfikri/Modules/Auth/Controllers/AuthController.php(11): view('Modules\\Auth\\Vi...')
#5 /Applications/XAMPP/xamppfiles/htdocs/gudang-alfikri/vendor/codeigniter4/framework/system/CodeIgniter.php(832): Modules\Auth\Controllers\AuthController->index()
#6 /Applications/XAMPP/xamppfiles/htdocs/gudang-alfikri/vendor/codeigniter4/framework/system/CodeIgniter.php(419): CodeIgniter\CodeIgniter->runController(Object(Modules\Auth\Controllers\AuthController))
#7 /Applications/XAMPP/xamppfiles/htdocs/gudang-alfikri/vendor/codeigniter4/framework/system/CodeIgniter.php(326): CodeIgniter\CodeIgniter->handleRequest(NULL, Object(Config\Cache), false)
#8 /Applications/XAMPP/xamppfiles/htdocs/gudang-alfikri/public/index.php(37): CodeIgniter\CodeIgniter->run()
#9 /Applications/XAMPP/xamppfiles/htdocs/gudang-alfikri/vendor/codeigniter4/framework/system/Commands/Server/rewrite.php(43): require_once('/Applications/X...')
#10 {main}
CRITICAL - 2022-05-20 13:29:31 --> Cannot call constructor
#0 /Applications/XAMPP/xamppfiles/htdocs/gudang-alfikri/vendor/codeigniter4/framework/system/CodeIgniter.php(809): Modules\Auth\Controllers\AuthController->__construct()
#1 /Applications/XAMPP/xamppfiles/htdocs/gudang-alfikri/vendor/codeigniter4/framework/system/CodeIgniter.php(410): CodeIgniter\CodeIgniter->createController()
#2 /Applications/XAMPP/xamppfiles/htdocs/gudang-alfikri/vendor/codeigniter4/framework/system/CodeIgniter.php(326): CodeIgniter\CodeIgniter->handleRequest(NULL, Object(Config\Cache), false)
#3 /Applications/XAMPP/xamppfiles/htdocs/gudang-alfikri/public/index.php(37): CodeIgniter\CodeIgniter->run()
#4 /Applications/XAMPP/xamppfiles/htdocs/gudang-alfikri/vendor/codeigniter4/framework/system/Commands/Server/rewrite.php(43): require_once('/Applications/X...')
#5 {main}
CRITICAL - 2022-05-20 13:40:34 --> Undefined property: Modules\Auth\Controllers\AuthController::$input
#0 /Applications/XAMPP/xamppfiles/htdocs/gudang-alfikri/Modules/Auth/Controllers/AuthController.php(24): CodeIgniter\Debug\Exceptions->errorHandler(8, 'Undefined prope...', '/Applications/X...', 24, Array)
#1 /Applications/XAMPP/xamppfiles/htdocs/gudang-alfikri/vendor/codeigniter4/framework/system/CodeIgniter.php(832): Modules\Auth\Controllers\AuthController->login_process()
#2 /Applications/XAMPP/xamppfiles/htdocs/gudang-alfikri/vendor/codeigniter4/framework/system/CodeIgniter.php(419): CodeIgniter\CodeIgniter->runController(Object(Modules\Auth\Controllers\AuthController))
#3 /Applications/XAMPP/xamppfiles/htdocs/gudang-alfikri/vendor/codeigniter4/framework/system/CodeIgniter.php(326): CodeIgniter\CodeIgniter->handleRequest(NULL, Object(Config\Cache), false)
#4 /Applications/XAMPP/xamppfiles/htdocs/gudang-alfikri/public/index.php(37): CodeIgniter\CodeIgniter->run()
#5 /Applications/XAMPP/xamppfiles/htdocs/gudang-alfikri/vendor/codeigniter4/framework/system/Commands/Server/rewrite.php(43): require_once('/Applications/X...')
#6 {main}
CRITICAL - 2022-05-20 13:42:21 --> Undefined property: Modules\Auth\Controllers\AuthController::$input
#0 /Applications/XAMPP/xamppfiles/htdocs/gudang-alfikri/Modules/Auth/Controllers/AuthController.php(24): CodeIgniter\Debug\Exceptions->errorHandler(8, 'Undefined prope...', '/Applications/X...', 24, Array)
#1 /Applications/XAMPP/xamppfiles/htdocs/gudang-alfikri/vendor/codeigniter4/framework/system/CodeIgniter.php(832): Modules\Auth\Controllers\AuthController->login_process()
#2 /Applications/XAMPP/xamppfiles/htdocs/gudang-alfikri/vendor/codeigniter4/framework/system/CodeIgniter.php(419): CodeIgniter\CodeIgniter->runController(Object(Modules\Auth\Controllers\AuthController))
#3 /Applications/XAMPP/xamppfiles/htdocs/gudang-alfikri/vendor/codeigniter4/framework/system/CodeIgniter.php(326): CodeIgniter\CodeIgniter->handleRequest(NULL, Object(Config\Cache), false)
#4 /Applications/XAMPP/xamppfiles/htdocs/gudang-alfikri/public/index.php(37): CodeIgniter\CodeIgniter->run()
#5 /Applications/XAMPP/xamppfiles/htdocs/gudang-alfikri/vendor/codeigniter4/framework/system/Commands/Server/rewrite.php(43): require_once('/Applications/X...')
#6 {main}
CRITICAL - 2022-05-20 13:42:31 --> Undefined property: Modules\Auth\Controllers\AuthController::$input
#0 /Applications/XAMPP/xamppfiles/htdocs/gudang-alfikri/Modules/Auth/Controllers/AuthController.php(24): CodeIgniter\Debug\Exceptions->errorHandler(8, 'Undefined prope...', '/Applications/X...', 24, Array)
#1 /Applications/XAMPP/xamppfiles/htdocs/gudang-alfikri/vendor/codeigniter4/framework/system/CodeIgniter.php(832): Modules\Auth\Controllers\AuthController->login_process()
#2 /Applications/XAMPP/xamppfiles/htdocs/gudang-alfikri/vendor/codeigniter4/framework/system/CodeIgniter.php(419): CodeIgniter\CodeIgniter->runController(Object(Modules\Auth\Controllers\AuthController))
#3 /Applications/XAMPP/xamppfiles/htdocs/gudang-alfikri/vendor/codeigniter4/framework/system/CodeIgniter.php(326): CodeIgniter\CodeIgniter->handleRequest(NULL, Object(Config\Cache), false)
#4 /Applications/XAMPP/xamppfiles/htdocs/gudang-alfikri/public/index.php(37): CodeIgniter\CodeIgniter->run()
#5 /Applications/XAMPP/xamppfiles/htdocs/gudang-alfikri/vendor/codeigniter4/framework/system/Commands/Server/rewrite.php(43): require_once('/Applications/X...')
#6 {main}
CRITICAL - 2022-05-20 13:42:37 --> Undefined property: Modules\Auth\Controllers\AuthController::$input
#0 /Applications/XAMPP/xamppfiles/htdocs/gudang-alfikri/Modules/Auth/Controllers/AuthController.php(24): CodeIgniter\Debug\Exceptions->errorHandler(8, 'Undefined prope...', '/Applications/X...', 24, Array)
#1 /Applications/XAMPP/xamppfiles/htdocs/gudang-alfikri/vendor/codeigniter4/framework/system/CodeIgniter.php(832): Modules\Auth\Controllers\AuthController->login_process()
#2 /Applications/XAMPP/xamppfiles/htdocs/gudang-alfikri/vendor/codeigniter4/framework/system/CodeIgniter.php(419): CodeIgniter\CodeIgniter->runController(Object(Modules\Auth\Controllers\AuthController))
#3 /Applications/XAMPP/xamppfiles/htdocs/gudang-alfikri/vendor/codeigniter4/framework/system/CodeIgniter.php(326): CodeIgniter\CodeIgniter->handleRequest(NULL, Object(Config\Cache), false)
#4 /Applications/XAMPP/xamppfiles/htdocs/gudang-alfikri/public/index.php(37): CodeIgniter\CodeIgniter->run()
#5 /Applications/XAMPP/xamppfiles/htdocs/gudang-alfikri/vendor/codeigniter4/framework/system/Commands/Server/rewrite.php(43): require_once('/Applications/X...')
#6 {main}
CRITICAL - 2022-05-20 13:43:06 --> Undefined property: Modules\Auth\Controllers\AuthController::$input
#0 /Applications/XAMPP/xamppfiles/htdocs/gudang-alfikri/Modules/Auth/Controllers/AuthController.php(24): CodeIgniter\Debug\Exceptions->errorHandler(8, 'Undefined prope...', '/Applications/X...', 24, Array)
#1 /Applications/XAMPP/xamppfiles/htdocs/gudang-alfikri/vendor/codeigniter4/framework/system/CodeIgniter.php(832): Modules\Auth\Controllers\AuthController->login_process()
#2 /Applications/XAMPP/xamppfiles/htdocs/gudang-alfikri/vendor/codeigniter4/framework/system/CodeIgniter.php(419): CodeIgniter\CodeIgniter->runController(Object(Modules\Auth\Controllers\AuthController))
#3 /Applications/XAMPP/xamppfiles/htdocs/gudang-alfikri/vendor/codeigniter4/framework/system/CodeIgniter.php(326): CodeIgniter\CodeIgniter->handleRequest(NULL, Object(Config\Cache), false)
#4 /Applications/XAMPP/xamppfiles/htdocs/gudang-alfikri/public/index.php(37): CodeIgniter\CodeIgniter->run()
#5 /Applications/XAMPP/xamppfiles/htdocs/gudang-alfikri/vendor/codeigniter4/framework/system/Commands/Server/rewrite.php(43): require_once('/Applications/X...')
#6 {main}
CRITICAL - 2022-05-20 13:43:47 --> Undefined property: Modules\Auth\Controllers\AuthController::$input
#0 /Applications/XAMPP/xamppfiles/htdocs/gudang-alfikri/Modules/Auth/Controllers/AuthController.php(24): CodeIgniter\Debug\Exceptions->errorHandler(8, 'Undefined prope...', '/Applications/X...', 24, Array)
#1 /Applications/XAMPP/xamppfiles/htdocs/gudang-alfikri/vendor/codeigniter4/framework/system/CodeIgniter.php(832): Modules\Auth\Controllers\AuthController->login_process()
#2 /Applications/XAMPP/xamppfiles/htdocs/gudang-alfikri/vendor/codeigniter4/framework/system/CodeIgniter.php(419): CodeIgniter\CodeIgniter->runController(Object(Modules\Auth\Controllers\AuthController))
#3 /Applications/XAMPP/xamppfiles/htdocs/gudang-alfikri/vendor/codeigniter4/framework/system/CodeIgniter.php(326): CodeIgniter\CodeIgniter->handleRequest(NULL, Object(Config\Cache), false)
#4 /Applications/XAMPP/xamppfiles/htdocs/gudang-alfikri/public/index.php(37): CodeIgniter\CodeIgniter->run()
#5 /Applications/XAMPP/xamppfiles/htdocs/gudang-alfikri/vendor/codeigniter4/framework/system/Commands/Server/rewrite.php(43): require_once('/Applications/X...')
#6 {main}
CRITICAL - 2022-05-20 13:46:44 --> Call to undefined method CodeIgniter\HTTP\IncomingRequest::get_post()
#0 /Applications/XAMPP/xamppfiles/htdocs/gudang-alfikri/vendor/codeigniter4/framework/system/CodeIgniter.php(832): Modules\Auth\Controllers\AuthController->login_process()
#1 /Applications/XAMPP/xamppfiles/htdocs/gudang-alfikri/vendor/codeigniter4/framework/system/CodeIgniter.php(419): CodeIgniter\CodeIgniter->runController(Object(Modules\Auth\Controllers\AuthController))
#2 /Applications/XAMPP/xamppfiles/htdocs/gudang-alfikri/vendor/codeigniter4/framework/system/CodeIgniter.php(326): CodeIgniter\CodeIgniter->handleRequest(NULL, Object(Config\Cache), false)
#3 /Applications/XAMPP/xamppfiles/htdocs/gudang-alfikri/public/index.php(37): CodeIgniter\CodeIgniter->run()
#4 /Applications/XAMPP/xamppfiles/htdocs/gudang-alfikri/vendor/codeigniter4/framework/system/Commands/Server/rewrite.php(43): require_once('/Applications/X...')
#5 {main}
CRITICAL - 2022-05-20 13:47:11 --> Call to undefined method CodeIgniter\HTTP\IncomingRequest::get_post()
#0 /Applications/XAMPP/xamppfiles/htdocs/gudang-alfikri/vendor/codeigniter4/framework/system/CodeIgniter.php(832): Modules\Auth\Controllers\AuthController->login_process()
#1 /Applications/XAMPP/xamppfiles/htdocs/gudang-alfikri/vendor/codeigniter4/framework/system/CodeIgniter.php(419): CodeIgniter\CodeIgniter->runController(Object(Modules\Auth\Controllers\AuthController))
#2 /Applications/XAMPP/xamppfiles/htdocs/gudang-alfikri/vendor/codeigniter4/framework/system/CodeIgniter.php(326): CodeIgniter\CodeIgniter->handleRequest(NULL, Object(Config\Cache), false)
#3 /Applications/XAMPP/xamppfiles/htdocs/gudang-alfikri/public/index.php(37): CodeIgniter\CodeIgniter->run()
#4 /Applications/XAMPP/xamppfiles/htdocs/gudang-alfikri/vendor/codeigniter4/framework/system/Commands/Server/rewrite.php(43): require_once('/Applications/X...')
#5 {main}
ERROR - 2022-05-20 14:11:03 --> Table 'gudang_alfikri.auths' doesn't exist
CRITICAL - 2022-05-20 14:11:03 --> Table 'gudang_alfikri.auths' doesn't exist
#0 /Applications/XAMPP/xamppfiles/htdocs/gudang-alfikri/vendor/codeigniter4/framework/system/Database/MySQLi/Connection.php(292): mysqli->query('SELECT *\nFROM `...', 0)
#1 /Applications/XAMPP/xamppfiles/htdocs/gudang-alfikri/vendor/codeigniter4/framework/system/Database/BaseConnection.php(670): CodeIgniter\Database\MySQLi\Connection->execute('SELECT *\nFROM `...')
#2 /Applications/XAMPP/xamppfiles/htdocs/gudang-alfikri/vendor/codeigniter4/framework/system/Database/BaseConnection.php(598): CodeIgniter\Database\BaseConnection->simpleQuery('SELECT *\nFROM `...')
#3 /Applications/XAMPP/xamppfiles/htdocs/gudang-alfikri/vendor/codeigniter4/framework/system/Database/BaseBuilder.php(1455): CodeIgniter\Database\BaseConnection->query('SELECT *\nFROM `...', Array, false)
#4 /Applications/XAMPP/xamppfiles/htdocs/gudang-alfikri/vendor/codeigniter4/framework/system/Model.php(138): CodeIgniter\Database\BaseBuilder->get()
#5 /Applications/XAMPP/xamppfiles/htdocs/gudang-alfikri/vendor/codeigniter4/framework/system/BaseModel.php(523): CodeIgniter\Model->doFind(false, Array)
#6 /Applications/XAMPP/xamppfiles/htdocs/gudang-alfikri/Modules/Auth/Controllers/AuthController.php(27): CodeIgniter\BaseModel->find(Array)
#7 /Applications/XAMPP/xamppfiles/htdocs/gudang-alfikri/vendor/codeigniter4/framework/system/CodeIgniter.php(832): Modules\Auth\Controllers\AuthController->login_process()
#8 /Applications/XAMPP/xamppfiles/htdocs/gudang-alfikri/vendor/codeigniter4/framework/system/CodeIgniter.php(419): CodeIgniter\CodeIgniter->runController(Object(Modules\Auth\Controllers\AuthController))
#9 /Applications/XAMPP/xamppfiles/htdocs/gudang-alfikri/vendor/codeigniter4/framework/system/CodeIgniter.php(326): CodeIgniter\CodeIgniter->handleRequest(NULL, Object(Config\Cache), false)
#10 /Applications/XAMPP/xamppfiles/htdocs/gudang-alfikri/public/index.php(37): CodeIgniter\CodeIgniter->run()
#11 /Applications/XAMPP/xamppfiles/htdocs/gudang-alfikri/vendor/codeigniter4/framework/system/Commands/Server/rewrite.php(43): require_once('/Applications/X...')
#12 {main}
ERROR - 2022-05-20 14:11:21 --> Unknown column 'tb_users.deleted_at' in 'where clause'
CRITICAL - 2022-05-20 14:11:21 --> Unknown column 'tb_users.deleted_at' in 'where clause'
#0 /Applications/XAMPP/xamppfiles/htdocs/gudang-alfikri/vendor/codeigniter4/framework/system/Database/MySQLi/Connection.php(292): mysqli->query('SELECT *\nFROM `...', 0)
#1 /Applications/XAMPP/xamppfiles/htdocs/gudang-alfikri/vendor/codeigniter4/framework/system/Database/BaseConnection.php(670): CodeIgniter\Database\MySQLi\Connection->execute('SELECT *\nFROM `...')
#2 /Applications/XAMPP/xamppfiles/htdocs/gudang-alfikri/vendor/codeigniter4/framework/system/Database/BaseConnection.php(598): CodeIgniter\Database\BaseConnection->simpleQuery('SELECT *\nFROM `...')
#3 /Applications/XAMPP/xamppfiles/htdocs/gudang-alfikri/vendor/codeigniter4/framework/system/Database/BaseBuilder.php(1455): CodeIgniter\Database\BaseConnection->query('SELECT *\nFROM `...', Array, false)
#4 /Applications/XAMPP/xamppfiles/htdocs/gudang-alfikri/vendor/codeigniter4/framework/system/Model.php(138): CodeIgniter\Database\BaseBuilder->get()
#5 /Applications/XAMPP/xamppfiles/htdocs/gudang-alfikri/vendor/codeigniter4/framework/system/BaseModel.php(523): CodeIgniter\Model->doFind(false, Array)
#6 /Applications/XAMPP/xamppfiles/htdocs/gudang-alfikri/Modules/Auth/Controllers/AuthController.php(27): CodeIgniter\BaseModel->find(Array)
#7 /Applications/XAMPP/xamppfiles/htdocs/gudang-alfikri/vendor/codeigniter4/framework/system/CodeIgniter.php(832): Modules\Auth\Controllers\AuthController->login_process()
#8 /Applications/XAMPP/xamppfiles/htdocs/gudang-alfikri/vendor/codeigniter4/framework/system/CodeIgniter.php(419): CodeIgniter\CodeIgniter->runController(Object(Modules\Auth\Controllers\AuthController))
#9 /Applications/XAMPP/xamppfiles/htdocs/gudang-alfikri/vendor/codeigniter4/framework/system/CodeIgniter.php(326): CodeIgniter\CodeIgniter->handleRequest(NULL, Object(Config\Cache), false)
#10 /Applications/XAMPP/xamppfiles/htdocs/gudang-alfikri/public/index.php(37): CodeIgniter\CodeIgniter->run()
#11 /Applications/XAMPP/xamppfiles/htdocs/gudang-alfikri/vendor/codeigniter4/framework/system/Commands/Server/rewrite.php(43): require_once('/Applications/X...')
#12 {main}
ERROR - 2022-05-20 14:14:11 --> Unknown column 'trash' in 'where clause'
CRITICAL - 2022-05-20 14:14:11 --> Unknown column 'trash' in 'where clause'
#0 /Applications/XAMPP/xamppfiles/htdocs/gudang-alfikri/vendor/codeigniter4/framework/system/Database/MySQLi/Connection.php(292): mysqli->query('SELECT *\nFROM `...', 0)
#1 /Applications/XAMPP/xamppfiles/htdocs/gudang-alfikri/vendor/codeigniter4/framework/system/Database/BaseConnection.php(670): CodeIgniter\Database\MySQLi\Connection->execute('SELECT *\nFROM `...')
#2 /Applications/XAMPP/xamppfiles/htdocs/gudang-alfikri/vendor/codeigniter4/framework/system/Database/BaseConnection.php(598): CodeIgniter\Database\BaseConnection->simpleQuery('SELECT *\nFROM `...')
#3 /Applications/XAMPP/xamppfiles/htdocs/gudang-alfikri/vendor/codeigniter4/framework/system/Database/BaseBuilder.php(1455): CodeIgniter\Database\BaseConnection->query('SELECT *\nFROM `...', Array, false)
#4 /Applications/XAMPP/xamppfiles/htdocs/gudang-alfikri/app/Helpers/identity_helper.php(7): CodeIgniter\Database\BaseBuilder->get()
#5 /Applications/XAMPP/xamppfiles/htdocs/gudang-alfikri/Modules/Auth/Views/index.php(14): identity()
#6 /Applications/XAMPP/xamppfiles/htdocs/gudang-alfikri/vendor/codeigniter4/framework/system/View/View.php(210): include('/Applications/X...')
#7 /Applications/XAMPP/xamppfiles/htdocs/gudang-alfikri/vendor/codeigniter4/framework/system/View/View.php(213): CodeIgniter\View\View->CodeIgniter\View\{closure}()
#8 /Applications/XAMPP/xamppfiles/htdocs/gudang-alfikri/vendor/codeigniter4/framework/system/Common.php(1089): CodeIgniter\View\View->render('Modules\\Auth\\Vi...', Array, true)
#9 /Applications/XAMPP/xamppfiles/htdocs/gudang-alfikri/Modules/Auth/Controllers/AuthController.php(18): view('Modules\\Auth\\Vi...')
#10 /Applications/XAMPP/xamppfiles/htdocs/gudang-alfikri/vendor/codeigniter4/framework/system/CodeIgniter.php(832): Modules\Auth\Controllers\AuthController->index()
#11 /Applications/XAMPP/xamppfiles/htdocs/gudang-alfikri/vendor/codeigniter4/framework/system/CodeIgniter.php(419): CodeIgniter\CodeIgniter->runController(Object(Modules\Auth\Controllers\AuthController))
#12 /Applications/XAMPP/xamppfiles/htdocs/gudang-alfikri/vendor/codeigniter4/framework/system/CodeIgniter.php(326): CodeIgniter\CodeIgniter->handleRequest(NULL, Object(Config\Cache), false)
#13 /Applications/XAMPP/xamppfiles/htdocs/gudang-alfikri/public/index.php(37): CodeIgniter\CodeIgniter->run()
#14 /Applications/XAMPP/xamppfiles/htdocs/gudang-alfikri/vendor/codeigniter4/framework/system/Commands/Server/rewrite.php(43): require_once('/Applications/X...')
#15 {main}
ERROR - 2022-05-20 14:14:46 --> Unknown column 'deleted_ad' in 'where clause'
CRITICAL - 2022-05-20 14:14:46 --> Unknown column 'deleted_ad' in 'where clause'
#0 /Applications/XAMPP/xamppfiles/htdocs/gudang-alfikri/vendor/codeigniter4/framework/system/Database/MySQLi/Connection.php(292): mysqli->query('SELECT *\nFROM `...', 0)
#1 /Applications/XAMPP/xamppfiles/htdocs/gudang-alfikri/vendor/codeigniter4/framework/system/Database/BaseConnection.php(670): CodeIgniter\Database\MySQLi\Connection->execute('SELECT *\nFROM `...')
#2 /Applications/XAMPP/xamppfiles/htdocs/gudang-alfikri/vendor/codeigniter4/framework/system/Database/BaseConnection.php(598): CodeIgniter\Database\BaseConnection->simpleQuery('SELECT *\nFROM `...')
#3 /Applications/XAMPP/xamppfiles/htdocs/gudang-alfikri/vendor/codeigniter4/framework/system/Database/BaseBuilder.php(1455): CodeIgniter\Database\BaseConnection->query('SELECT *\nFROM `...', Array, false)
#4 /Applications/XAMPP/xamppfiles/htdocs/gudang-alfikri/app/Helpers/identity_helper.php(7): CodeIgniter\Database\BaseBuilder->get()
#5 /Applications/XAMPP/xamppfiles/htdocs/gudang-alfikri/Modules/Auth/Views/index.php(14): identity()
#6 /Applications/XAMPP/xamppfiles/htdocs/gudang-alfikri/vendor/codeigniter4/framework/system/View/View.php(210): include('/Applications/X...')
#7 /Applications/XAMPP/xamppfiles/htdocs/gudang-alfikri/vendor/codeigniter4/framework/system/View/View.php(213): CodeIgniter\View\View->CodeIgniter\View\{closure}()
#8 /Applications/XAMPP/xamppfiles/htdocs/gudang-alfikri/vendor/codeigniter4/framework/system/Common.php(1089): CodeIgniter\View\View->render('Modules\\Auth\\Vi...', Array, true)
#9 /Applications/XAMPP/xamppfiles/htdocs/gudang-alfikri/Modules/Auth/Controllers/AuthController.php(18): view('Modules\\Auth\\Vi...')
#10 /Applications/XAMPP/xamppfiles/htdocs/gudang-alfikri/vendor/codeigniter4/framework/system/CodeIgniter.php(832): Modules\Auth\Controllers\AuthController->index()
#11 /Applications/XAMPP/xamppfiles/htdocs/gudang-alfikri/vendor/codeigniter4/framework/system/CodeIgniter.php(419): CodeIgniter\CodeIgniter->runController(Object(Modules\Auth\Controllers\AuthController))
#12 /Applications/XAMPP/xamppfiles/htdocs/gudang-alfikri/vendor/codeigniter4/framework/system/CodeIgniter.php(326): CodeIgniter\CodeIgniter->handleRequest(NULL, Object(Config\Cache), false)
#13 /Applications/XAMPP/xamppfiles/htdocs/gudang-alfikri/public/index.php(37): CodeIgniter\CodeIgniter->run()
#14 /Applications/XAMPP/xamppfiles/htdocs/gudang-alfikri/vendor/codeigniter4/framework/system/Commands/Server/rewrite.php(43): require_once('/Applications/X...')
#15 {main}
ERROR - 2022-05-20 14:22:23 --> Unknown column 'delete_at' in 'where clause'
CRITICAL - 2022-05-20 14:22:23 --> Unknown column 'delete_at' in 'where clause'
#0 /Applications/XAMPP/xamppfiles/htdocs/gudang-alfikri/vendor/codeigniter4/framework/system/Database/MySQLi/Connection.php(292): mysqli->query('SELECT *\nFROM `...', 0)
#1 /Applications/XAMPP/xamppfiles/htdocs/gudang-alfikri/vendor/codeigniter4/framework/system/Database/BaseConnection.php(670): CodeIgniter\Database\MySQLi\Connection->execute('SELECT *\nFROM `...')
#2 /Applications/XAMPP/xamppfiles/htdocs/gudang-alfikri/vendor/codeigniter4/framework/system/Database/BaseConnection.php(598): CodeIgniter\Database\BaseConnection->simpleQuery('SELECT *\nFROM `...')
#3 /Applications/XAMPP/xamppfiles/htdocs/gudang-alfikri/vendor/codeigniter4/framework/system/Database/BaseBuilder.php(1455): CodeIgniter\Database\BaseConnection->query('SELECT *\nFROM `...', Array, false)
#4 /Applications/XAMPP/xamppfiles/htdocs/gudang-alfikri/app/Helpers/crud_helper.php(7): CodeIgniter\Database\BaseBuilder->get()
#5 /Applications/XAMPP/xamppfiles/htdocs/gudang-alfikri/Modules/Auth/Controllers/AuthController.php(31): get_data('*', 'tb_users', Array)
#6 /Applications/XAMPP/xamppfiles/htdocs/gudang-alfikri/vendor/codeigniter4/framework/system/CodeIgniter.php(832): Modules\Auth\Controllers\AuthController->login_process()
#7 /Applications/XAMPP/xamppfiles/htdocs/gudang-alfikri/vendor/codeigniter4/framework/system/CodeIgniter.php(419): CodeIgniter\CodeIgniter->runController(Object(Modules\Auth\Controllers\AuthController))
#8 /Applications/XAMPP/xamppfiles/htdocs/gudang-alfikri/vendor/codeigniter4/framework/system/CodeIgniter.php(326): CodeIgniter\CodeIgniter->handleRequest(NULL, Object(Config\Cache), false)
#9 /Applications/XAMPP/xamppfiles/htdocs/gudang-alfikri/public/index.php(37): CodeIgniter\CodeIgniter->run()
#10 /Applications/XAMPP/xamppfiles/htdocs/gudang-alfikri/vendor/codeigniter4/framework/system/Commands/Server/rewrite.php(43): require_once('/Applications/X...')
#11 {main}
CRITICAL - 2022-05-20 14:54:39 --> Invalid file: Modules/Dashboard/Views/indes.php
#0 /Applications/XAMPP/xamppfiles/htdocs/gudang-alfikri/vendor/codeigniter4/framework/system/View/View.php(198): CodeIgniter\Exceptions\FrameworkException::forInvalidFile('Modules/Dashboa...')
#1 /Applications/XAMPP/xamppfiles/htdocs/gudang-alfikri/vendor/codeigniter4/framework/system/Common.php(1089): CodeIgniter\View\View->render('Modules/Dashboa...', Array, true)
#2 /Applications/XAMPP/xamppfiles/htdocs/gudang-alfikri/Modules/Dashboard/Controllers/DashboardController.php(11): view('Modules/Dashboa...')
#3 /Applications/XAMPP/xamppfiles/htdocs/gudang-alfikri/vendor/codeigniter4/framework/system/CodeIgniter.php(832): Modules\Dashboard\Controllers\DashboardController->index()
#4 /Applications/XAMPP/xamppfiles/htdocs/gudang-alfikri/vendor/codeigniter4/framework/system/CodeIgniter.php(419): CodeIgniter\CodeIgniter->runController(Object(Modules\Dashboard\Controllers\DashboardController))
#5 /Applications/XAMPP/xamppfiles/htdocs/gudang-alfikri/vendor/codeigniter4/framework/system/CodeIgniter.php(326): CodeIgniter\CodeIgniter->handleRequest(NULL, Object(Config\Cache), false)
#6 /Applications/XAMPP/xamppfiles/htdocs/gudang-alfikri/public/index.php(37): CodeIgniter\CodeIgniter->run()
#7 /Applications/XAMPP/xamppfiles/htdocs/gudang-alfikri/vendor/codeigniter4/framework/system/Commands/Server/rewrite.php(43): require_once('/Applications/X...')
#8 {main}
CRITICAL - 2022-05-20 14:54:48 --> Invalid file: Modules/Dashboard/Views/index.php
#0 /Applications/XAMPP/xamppfiles/htdocs/gudang-alfikri/vendor/codeigniter4/framework/system/View/View.php(198): CodeIgniter\Exceptions\FrameworkException::forInvalidFile('Modules/Dashboa...')
#1 /Applications/XAMPP/xamppfiles/htdocs/gudang-alfikri/vendor/codeigniter4/framework/system/Common.php(1089): CodeIgniter\View\View->render('Modules/Dashboa...', Array, true)
#2 /Applications/XAMPP/xamppfiles/htdocs/gudang-alfikri/Modules/Dashboard/Controllers/DashboardController.php(11): view('Modules/Dashboa...')
#3 /Applications/XAMPP/xamppfiles/htdocs/gudang-alfikri/vendor/codeigniter4/framework/system/CodeIgniter.php(832): Modules\Dashboard\Controllers\DashboardController->index()
#4 /Applications/XAMPP/xamppfiles/htdocs/gudang-alfikri/vendor/codeigniter4/framework/system/CodeIgniter.php(419): CodeIgniter\CodeIgniter->runController(Object(Modules\Dashboard\Controllers\DashboardController))
#5 /Applications/XAMPP/xamppfiles/htdocs/gudang-alfikri/vendor/codeigniter4/framework/system/CodeIgniter.php(326): CodeIgniter\CodeIgniter->handleRequest(NULL, Object(Config\Cache), false)
#6 /Applications/XAMPP/xamppfiles/htdocs/gudang-alfikri/public/index.php(37): CodeIgniter\CodeIgniter->run()
#7 /Applications/XAMPP/xamppfiles/htdocs/gudang-alfikri/vendor/codeigniter4/framework/system/Commands/Server/rewrite.php(43): require_once('/Applications/X...')
#8 {main}
CRITICAL - 2022-05-20 15:10:42 --> Call to undefined function Modules\Auth\Controllers\swal()
#0 /Applications/XAMPP/xamppfiles/htdocs/gudang-alfikri/vendor/codeigniter4/framework/system/CodeIgniter.php(832): Modules\Auth\Controllers\AuthController->logout()
#1 /Applications/XAMPP/xamppfiles/htdocs/gudang-alfikri/vendor/codeigniter4/framework/system/CodeIgniter.php(419): CodeIgniter\CodeIgniter->runController(Object(Modules\Auth\Controllers\AuthController))
#2 /Applications/XAMPP/xamppfiles/htdocs/gudang-alfikri/vendor/codeigniter4/framework/system/CodeIgniter.php(326): CodeIgniter\CodeIgniter->handleRequest(NULL, Object(Config\Cache), false)
#3 /Applications/XAMPP/xamppfiles/htdocs/gudang-alfikri/public/index.php(37): CodeIgniter\CodeIgniter->run()
#4 /Applications/XAMPP/xamppfiles/htdocs/gudang-alfikri/vendor/codeigniter4/framework/system/Commands/Server/rewrite.php(43): require_once('/Applications/X...')
#5 {main}
CRITICAL - 2022-05-20 15:11:19 --> Call to undefined function Modules\Auth\Controllers\swal()
#0 /Applications/XAMPP/xamppfiles/htdocs/gudang-alfikri/vendor/codeigniter4/framework/system/CodeIgniter.php(832): Modules\Auth\Controllers\AuthController->logout()
#1 /Applications/XAMPP/xamppfiles/htdocs/gudang-alfikri/vendor/codeigniter4/framework/system/CodeIgniter.php(419): CodeIgniter\CodeIgniter->runController(Object(Modules\Auth\Controllers\AuthController))
#2 /Applications/XAMPP/xamppfiles/htdocs/gudang-alfikri/vendor/codeigniter4/framework/system/CodeIgniter.php(326): CodeIgniter\CodeIgniter->handleRequest(NULL, Object(Config\Cache), false)
#3 /Applications/XAMPP/xamppfiles/htdocs/gudang-alfikri/public/index.php(37): CodeIgniter\CodeIgniter->run()
#4 /Applications/XAMPP/xamppfiles/htdocs/gudang-alfikri/vendor/codeigniter4/framework/system/Commands/Server/rewrite.php(43): require_once('/Applications/X...')
#5 {main}
CRITICAL - 2022-05-20 16:41:29 --> Call to a member function insertID() on bool
#0 /Applications/XAMPP/xamppfiles/htdocs/gudang-alfikri/Modules/Auth/Controllers/AuthController.php(53): insert('tb_log', Array)
#1 /Applications/XAMPP/xamppfiles/htdocs/gudang-alfikri/vendor/codeigniter4/framework/system/CodeIgniter.php(832): Modules\Auth\Controllers\AuthController->login_process()
#2 /Applications/XAMPP/xamppfiles/htdocs/gudang-alfikri/vendor/codeigniter4/framework/system/CodeIgniter.php(419): CodeIgniter\CodeIgniter->runController(Object(Modules\Auth\Controllers\AuthController))
#3 /Applications/XAMPP/xamppfiles/htdocs/gudang-alfikri/vendor/codeigniter4/framework/system/CodeIgniter.php(326): CodeIgniter\CodeIgniter->handleRequest(NULL, Object(Config\Cache), false)
#4 /Applications/XAMPP/xamppfiles/htdocs/gudang-alfikri/public/index.php(37): CodeIgniter\CodeIgniter->run()
#5 /Applications/XAMPP/xamppfiles/htdocs/gudang-alfikri/vendor/codeigniter4/framework/system/Commands/Server/rewrite.php(43): require_once('/Applications/X...')
#6 {main}
CRITICAL - 2022-05-20 16:42:25 --> Call to a member function insertID() on bool
#0 /Applications/XAMPP/xamppfiles/htdocs/gudang-alfikri/Modules/Auth/Controllers/AuthController.php(53): insert('tb_log', Array)
#1 /Applications/XAMPP/xamppfiles/htdocs/gudang-alfikri/vendor/codeigniter4/framework/system/CodeIgniter.php(832): Modules\Auth\Controllers\AuthController->login_process()
#2 /Applications/XAMPP/xamppfiles/htdocs/gudang-alfikri/vendor/codeigniter4/framework/system/CodeIgniter.php(419): CodeIgniter\CodeIgniter->runController(Object(Modules\Auth\Controllers\AuthController))
#3 /Applications/XAMPP/xamppfiles/htdocs/gudang-alfikri/vendor/codeigniter4/framework/system/CodeIgniter.php(326): CodeIgniter\CodeIgniter->handleRequest(NULL, Object(Config\Cache), false)
#4 /Applications/XAMPP/xamppfiles/htdocs/gudang-alfikri/public/index.php(37): CodeIgniter\CodeIgniter->run()
#5 /Applications/XAMPP/xamppfiles/htdocs/gudang-alfikri/vendor/codeigniter4/framework/system/Commands/Server/rewrite.php(43): require_once('/Applications/X...')
#6 {main}
CRITICAL - 2022-05-20 17:00:18 --> syntax error, unexpected '}', expecting end of file
#0 /Applications/XAMPP/xamppfiles/htdocs/gudang-alfikri/vendor/codeigniter4/framework/system/View/View.php(213): CodeIgniter\View\View->CodeIgniter\View\{closure}()
#1 /Applications/XAMPP/xamppfiles/htdocs/gudang-alfikri/vendor/codeigniter4/framework/system/View/View.php(424): CodeIgniter\View\View->render('layout/navbar', NULL, true)
#2 /Applications/XAMPP/xamppfiles/htdocs/gudang-alfikri/app/Views/layout/page_layout.php(20): CodeIgniter\View\View->include('layout/navbar')
#3 /Applications/XAMPP/xamppfiles/htdocs/gudang-alfikri/vendor/codeigniter4/framework/system/View/View.php(210): include('/Applications/X...')
#4 /Applications/XAMPP/xamppfiles/htdocs/gudang-alfikri/vendor/codeigniter4/framework/system/View/View.php(213): CodeIgniter\View\View->CodeIgniter\View\{closure}()
#5 /Applications/XAMPP/xamppfiles/htdocs/gudang-alfikri/vendor/codeigniter4/framework/system/View/View.php(226): CodeIgniter\View\View->render('layout/page_lay...', Array, true)
#6 /Applications/XAMPP/xamppfiles/htdocs/gudang-alfikri/vendor/codeigniter4/framework/system/Common.php(1089): CodeIgniter\View\View->render('Modules\\Dashboa...', Array, true)
#7 /Applications/XAMPP/xamppfiles/htdocs/gudang-alfikri/Modules/Dashboard/Controllers/DashboardController.php(16): view('Modules\\Dashboa...')
#8 /Applications/XAMPP/xamppfiles/htdocs/gudang-alfikri/vendor/codeigniter4/framework/system/CodeIgniter.php(832): Modules\Dashboard\Controllers\DashboardController->index()
#9 /Applications/XAMPP/xamppfiles/htdocs/gudang-alfikri/vendor/codeigniter4/framework/system/CodeIgniter.php(419): CodeIgniter\CodeIgniter->runController(Object(Modules\Dashboard\Controllers\DashboardController))
#10 /Applications/XAMPP/xamppfiles/htdocs/gudang-alfikri/vendor/codeigniter4/framework/system/CodeIgniter.php(326): CodeIgniter\CodeIgniter->handleRequest(NULL, Object(Config\Cache), false)
#11 /Applications/XAMPP/xamppfiles/htdocs/gudang-alfikri/public/index.php(37): CodeIgniter\CodeIgniter->run()
#12 /Applications/XAMPP/xamppfiles/htdocs/gudang-alfikri/vendor/codeigniter4/framework/system/Commands/Server/rewrite.php(43): require_once('/Applications/X...')
#13 {main}
CRITICAL - 2022-05-20 17:03:37 --> Argument 1 passed to CodeIgniter\Database\BaseBuilder::orderBy() must be of the type string, array given, called in /Applications/XAMPP/xamppfiles/htdocs/gudang-alfikri/app/Helpers/crud_helper.php on line 7
#0 /Applications/XAMPP/xamppfiles/htdocs/gudang-alfikri/app/Helpers/crud_helper.php(7): CodeIgniter\Database\BaseBuilder->orderBy(Array)
#1 /Applications/XAMPP/xamppfiles/htdocs/gudang-alfikri/app/Views/layout/navbar.php(3): get_data('*', 'tb_log', Array, Array, 6)
#2 /Applications/XAMPP/xamppfiles/htdocs/gudang-alfikri/vendor/codeigniter4/framework/system/View/View.php(210): include('/Applications/X...')
#3 /Applications/XAMPP/xamppfiles/htdocs/gudang-alfikri/vendor/codeigniter4/framework/system/View/View.php(213): CodeIgniter\View\View->CodeIgniter\View\{closure}()
#4 /Applications/XAMPP/xamppfiles/htdocs/gudang-alfikri/vendor/codeigniter4/framework/system/View/View.php(424): CodeIgniter\View\View->render('layout/navbar', NULL, true)
#5 /Applications/XAMPP/xamppfiles/htdocs/gudang-alfikri/app/Views/layout/page_layout.php(20): CodeIgniter\View\View->include('layout/navbar')
#6 /Applications/XAMPP/xamppfiles/htdocs/gudang-alfikri/vendor/codeigniter4/framework/system/View/View.php(210): include('/Applications/X...')
#7 /Applications/XAMPP/xamppfiles/htdocs/gudang-alfikri/vendor/codeigniter4/framework/system/View/View.php(213): CodeIgniter\View\View->CodeIgniter\View\{closure}()
#8 /Applications/XAMPP/xamppfiles/htdocs/gudang-alfikri/vendor/codeigniter4/framework/system/View/View.php(226): CodeIgniter\View\View->render('layout/page_lay...', Array, true)
#9 /Applications/XAMPP/xamppfiles/htdocs/gudang-alfikri/vendor/codeigniter4/framework/system/Common.php(1089): CodeIgniter\View\View->render('Modules\\Dashboa...', Array, true)
#10 /Applications/XAMPP/xamppfiles/htdocs/gudang-alfikri/Modules/Dashboard/Controllers/DashboardController.php(16): view('Modules\\Dashboa...')
#11 /Applications/XAMPP/xamppfiles/htdocs/gudang-alfikri/vendor/codeigniter4/framework/system/CodeIgniter.php(832): Modules\Dashboard\Controllers\DashboardController->index()
#12 /Applications/XAMPP/xamppfiles/htdocs/gudang-alfikri/vendor/codeigniter4/framework/system/CodeIgniter.php(419): CodeIgniter\CodeIgniter->runController(Object(Modules\Dashboard\Controllers\DashboardController))
#13 /Applications/XAMPP/xamppfiles/htdocs/gudang-alfikri/vendor/codeigniter4/framework/system/CodeIgniter.php(326): CodeIgniter\CodeIgniter->handleRequest(NULL, Object(Config\Cache), false)
#14 /Applications/XAMPP/xamppfiles/htdocs/gudang-alfikri/public/index.php(37): CodeIgniter\CodeIgniter->run()
#15 /Applications/XAMPP/xamppfiles/htdocs/gudang-alfikri/vendor/codeigniter4/framework/system/Commands/Server/rewrite.php(43): require_once('/Applications/X...')
#16 {main}
CRITICAL - 2022-05-20 17:03:49 --> Argument 1 passed to CodeIgniter\Database\BaseBuilder::orderBy() must be of the type string, array given, called in /Applications/XAMPP/xamppfiles/htdocs/gudang-alfikri/app/Helpers/crud_helper.php on line 7
#0 /Applications/XAMPP/xamppfiles/htdocs/gudang-alfikri/app/Helpers/crud_helper.php(7): CodeIgniter\Database\BaseBuilder->orderBy(Array)
#1 /Applications/XAMPP/xamppfiles/htdocs/gudang-alfikri/app/Views/layout/navbar.php(3): get_data('*', 'tb_log', Array, Array, 6)
#2 /Applications/XAMPP/xamppfiles/htdocs/gudang-alfikri/vendor/codeigniter4/framework/system/View/View.php(210): include('/Applications/X...')
#3 /Applications/XAMPP/xamppfiles/htdocs/gudang-alfikri/vendor/codeigniter4/framework/system/View/View.php(213): CodeIgniter\View\View->CodeIgniter\View\{closure}()
#4 /Applications/XAMPP/xamppfiles/htdocs/gudang-alfikri/vendor/codeigniter4/framework/system/View/View.php(424): CodeIgniter\View\View->render('layout/navbar', NULL, true)
#5 /Applications/XAMPP/xamppfiles/htdocs/gudang-alfikri/app/Views/layout/page_layout.php(20): CodeIgniter\View\View->include('layout/navbar')
#6 /Applications/XAMPP/xamppfiles/htdocs/gudang-alfikri/vendor/codeigniter4/framework/system/View/View.php(210): include('/Applications/X...')
#7 /Applications/XAMPP/xamppfiles/htdocs/gudang-alfikri/vendor/codeigniter4/framework/system/View/View.php(213): CodeIgniter\View\View->CodeIgniter\View\{closure}()
#8 /Applications/XAMPP/xamppfiles/htdocs/gudang-alfikri/vendor/codeigniter4/framework/system/View/View.php(226): CodeIgniter\View\View->render('layout/page_lay...', Array, true)
#9 /Applications/XAMPP/xamppfiles/htdocs/gudang-alfikri/vendor/codeigniter4/framework/system/Common.php(1089): CodeIgniter\View\View->render('Modules\\Dashboa...', Array, true)
#10 /Applications/XAMPP/xamppfiles/htdocs/gudang-alfikri/Modules/Dashboard/Controllers/DashboardController.php(16): view('Modules\\Dashboa...')
#11 /Applications/XAMPP/xamppfiles/htdocs/gudang-alfikri/vendor/codeigniter4/framework/system/CodeIgniter.php(832): Modules\Dashboard\Controllers\DashboardController->index()
#12 /Applications/XAMPP/xamppfiles/htdocs/gudang-alfikri/vendor/codeigniter4/framework/system/CodeIgniter.php(419): CodeIgniter\CodeIgniter->runController(Object(Modules\Dashboard\Controllers\DashboardController))
#13 /Applications/XAMPP/xamppfiles/htdocs/gudang-alfikri/vendor/codeigniter4/framework/system/CodeIgniter.php(326): CodeIgniter\CodeIgniter->handleRequest(NULL, Object(Config\Cache), false)
#14 /Applications/XAMPP/xamppfiles/htdocs/gudang-alfikri/public/index.php(37): CodeIgniter\CodeIgniter->run()
#15 /Applications/XAMPP/xamppfiles/htdocs/gudang-alfikri/vendor/codeigniter4/framework/system/Commands/Server/rewrite.php(43): require_once('/Applications/X...')
#16 {main}
CRITICAL - 2022-05-20 17:04:03 --> Argument 1 passed to CodeIgniter\Database\BaseBuilder::orderBy() must be of the type string, array given, called in /Applications/XAMPP/xamppfiles/htdocs/gudang-alfikri/app/Helpers/crud_helper.php on line 7
#0 /Applications/XAMPP/xamppfiles/htdocs/gudang-alfikri/app/Helpers/crud_helper.php(7): CodeIgniter\Database\BaseBuilder->orderBy(Array)
#1 /Applications/XAMPP/xamppfiles/htdocs/gudang-alfikri/app/Views/layout/navbar.php(3): get_data('*', 'tb_log', Array, Array, 6)
#2 /Applications/XAMPP/xamppfiles/htdocs/gudang-alfikri/vendor/codeigniter4/framework/system/View/View.php(210): include('/Applications/X...')
#3 /Applications/XAMPP/xamppfiles/htdocs/gudang-alfikri/vendor/codeigniter4/framework/system/View/View.php(213): CodeIgniter\View\View->CodeIgniter\View\{closure}()
#4 /Applications/XAMPP/xamppfiles/htdocs/gudang-alfikri/vendor/codeigniter4/framework/system/View/View.php(424): CodeIgniter\View\View->render('layout/navbar', NULL, true)
#5 /Applications/XAMPP/xamppfiles/htdocs/gudang-alfikri/app/Views/layout/page_layout.php(20): CodeIgniter\View\View->include('layout/navbar')
#6 /Applications/XAMPP/xamppfiles/htdocs/gudang-alfikri/vendor/codeigniter4/framework/system/View/View.php(210): include('/Applications/X...')
#7 /Applications/XAMPP/xamppfiles/htdocs/gudang-alfikri/vendor/codeigniter4/framework/system/View/View.php(213): CodeIgniter\View\View->CodeIgniter\View\{closure}()
#8 /Applications/XAMPP/xamppfiles/htdocs/gudang-alfikri/vendor/codeigniter4/framework/system/View/View.php(226): CodeIgniter\View\View->render('layout/page_lay...', Array, true)
#9 /Applications/XAMPP/xamppfiles/htdocs/gudang-alfikri/vendor/codeigniter4/framework/system/Common.php(1089): CodeIgniter\View\View->render('Modules\\Dashboa...', Array, true)
#10 /Applications/XAMPP/xamppfiles/htdocs/gudang-alfikri/Modules/Dashboard/Controllers/DashboardController.php(16): view('Modules\\Dashboa...')
#11 /Applications/XAMPP/xamppfiles/htdocs/gudang-alfikri/vendor/codeigniter4/framework/system/CodeIgniter.php(832): Modules\Dashboard\Controllers\DashboardController->index()
#12 /Applications/XAMPP/xamppfiles/htdocs/gudang-alfikri/vendor/codeigniter4/framework/system/CodeIgniter.php(419): CodeIgniter\CodeIgniter->runController(Object(Modules\Dashboard\Controllers\DashboardController))
#13 /Applications/XAMPP/xamppfiles/htdocs/gudang-alfikri/vendor/codeigniter4/framework/system/CodeIgniter.php(326): CodeIgniter\CodeIgniter->handleRequest(NULL, Object(Config\Cache), false)
#14 /Applications/XAMPP/xamppfiles/htdocs/gudang-alfikri/public/index.php(37): CodeIgniter\CodeIgniter->run()
#15 /Applications/XAMPP/xamppfiles/htdocs/gudang-alfikri/vendor/codeigniter4/framework/system/Commands/Server/rewrite.php(43): require_once('/Applications/X...')
#16 {main}
