CRITICAL - 2022-06-04 01:41:31 --> Illegal string offset 'rajaongkir'
#0 /Applications/XAMPP/xamppfiles/htdocs/gudang-alfikri/app/Helpers/public_helper.php(29): CodeIgniter\Debug\Exceptions->errorHandler(2, 'Illegal string ...', '/Applications/X...', 29, Array)
#1 /Applications/XAMPP/xamppfiles/htdocs/gudang-alfikri/Modules/Masters/Controllers/CustomerController.php(12): get_province()
#2 /Applications/XAMPP/xamppfiles/htdocs/gudang-alfikri/vendor/codeigniter4/framework/system/CodeIgniter.php(832): Modules\Masters\Controllers\CustomerController->index()
#3 /Applications/XAMPP/xamppfiles/htdocs/gudang-alfikri/vendor/codeigniter4/framework/system/CodeIgniter.php(419): CodeIgniter\CodeIgniter->runController(Object(Modules\Masters\Controllers\CustomerController))
#4 /Applications/XAMPP/xamppfiles/htdocs/gudang-alfikri/vendor/codeigniter4/framework/system/CodeIgniter.php(326): CodeIgniter\CodeIgniter->handleRequest(NULL, Object(Config\Cache), false)
#5 /Applications/XAMPP/xamppfiles/htdocs/gudang-alfikri/public/index.php(37): CodeIgniter\CodeIgniter->run()
#6 /Applications/XAMPP/xamppfiles/htdocs/gudang-alfikri/vendor/codeigniter4/framework/system/Commands/Server/rewrite.php(43): require_once('/Applications/X...')
#7 {main}
CRITICAL - 2022-06-04 01:41:40 --> Illegal string offset 'rajaongkir'
#0 /Applications/XAMPP/xamppfiles/htdocs/gudang-alfikri/app/Helpers/public_helper.php(29): CodeIgniter\Debug\Exceptions->errorHandler(2, 'Illegal string ...', '/Applications/X...', 29, Array)
#1 /Applications/XAMPP/xamppfiles/htdocs/gudang-alfikri/Modules/Masters/Controllers/CustomerController.php(12): get_province()
#2 /Applications/XAMPP/xamppfiles/htdocs/gudang-alfikri/vendor/codeigniter4/framework/system/CodeIgniter.php(832): Modules\Masters\Controllers\CustomerController->index()
#3 /Applications/XAMPP/xamppfiles/htdocs/gudang-alfikri/vendor/codeigniter4/framework/system/CodeIgniter.php(419): CodeIgniter\CodeIgniter->runController(Object(Modules\Masters\Controllers\CustomerController))
#4 /Applications/XAMPP/xamppfiles/htdocs/gudang-alfikri/vendor/codeigniter4/framework/system/CodeIgniter.php(326): CodeIgniter\CodeIgniter->handleRequest(NULL, Object(Config\Cache), false)
#5 /Applications/XAMPP/xamppfiles/htdocs/gudang-alfikri/public/index.php(37): CodeIgniter\CodeIgniter->run()
#6 /Applications/XAMPP/xamppfiles/htdocs/gudang-alfikri/vendor/codeigniter4/framework/system/Commands/Server/rewrite.php(43): require_once('/Applications/X...')
#7 {main}
CRITICAL - 2022-06-04 01:42:15 --> Illegal string offset 'rajaongkir'
#0 /Applications/XAMPP/xamppfiles/htdocs/gudang-alfikri/app/Helpers/public_helper.php(32): CodeIgniter\Debug\Exceptions->errorHandler(2, 'Illegal string ...', '/Applications/X...', 32, Array)
#1 /Applications/XAMPP/xamppfiles/htdocs/gudang-alfikri/Modules/Masters/Controllers/CustomerController.php(12): get_province()
#2 /Applications/XAMPP/xamppfiles/htdocs/gudang-alfikri/vendor/codeigniter4/framework/system/CodeIgniter.php(832): Modules\Masters\Controllers\CustomerController->index()
#3 /Applications/XAMPP/xamppfiles/htdocs/gudang-alfikri/vendor/codeigniter4/framework/system/CodeIgniter.php(419): CodeIgniter\CodeIgniter->runController(Object(Modules\Masters\Controllers\CustomerController))
#4 /Applications/XAMPP/xamppfiles/htdocs/gudang-alfikri/vendor/codeigniter4/framework/system/CodeIgniter.php(326): CodeIgniter\CodeIgniter->handleRequest(NULL, Object(Config\Cache), false)
#5 /Applications/XAMPP/xamppfiles/htdocs/gudang-alfikri/public/index.php(37): CodeIgniter\CodeIgniter->run()
#6 /Applications/XAMPP/xamppfiles/htdocs/gudang-alfikri/vendor/codeigniter4/framework/system/Commands/Server/rewrite.php(43): require_once('/Applications/X...')
#7 {main}
CRITICAL - 2022-06-04 01:43:31 --> Illegal string offset 'rajaongkir'
#0 /Applications/XAMPP/xamppfiles/htdocs/gudang-alfikri/app/Helpers/public_helper.php(29): CodeIgniter\Debug\Exceptions->errorHandler(2, 'Illegal string ...', '/Applications/X...', 29, Array)
#1 /Applications/XAMPP/xamppfiles/htdocs/gudang-alfikri/Modules/Masters/Controllers/CustomerController.php(12): get_province()
#2 /Applications/XAMPP/xamppfiles/htdocs/gudang-alfikri/vendor/codeigniter4/framework/system/CodeIgniter.php(832): Modules\Masters\Controllers\CustomerController->index()
#3 /Applications/XAMPP/xamppfiles/htdocs/gudang-alfikri/vendor/codeigniter4/framework/system/CodeIgniter.php(419): CodeIgniter\CodeIgniter->runController(Object(Modules\Masters\Controllers\CustomerController))
#4 /Applications/XAMPP/xamppfiles/htdocs/gudang-alfikri/vendor/codeigniter4/framework/system/CodeIgniter.php(326): CodeIgniter\CodeIgniter->handleRequest(NULL, Object(Config\Cache), false)
#5 /Applications/XAMPP/xamppfiles/htdocs/gudang-alfikri/public/index.php(37): CodeIgniter\CodeIgniter->run()
#6 /Applications/XAMPP/xamppfiles/htdocs/gudang-alfikri/vendor/codeigniter4/framework/system/Commands/Server/rewrite.php(43): require_once('/Applications/X...')
#7 {main}
CRITICAL - 2022-06-04 01:44:20 --> Cannot use object of type stdClass as array
#0 /Applications/XAMPP/xamppfiles/htdocs/gudang-alfikri/Modules/Masters/Controllers/CustomerController.php(12): get_province()
#1 /Applications/XAMPP/xamppfiles/htdocs/gudang-alfikri/vendor/codeigniter4/framework/system/CodeIgniter.php(832): Modules\Masters\Controllers\CustomerController->index()
#2 /Applications/XAMPP/xamppfiles/htdocs/gudang-alfikri/vendor/codeigniter4/framework/system/CodeIgniter.php(419): CodeIgniter\CodeIgniter->runController(Object(Modules\Masters\Controllers\CustomerController))
#3 /Applications/XAMPP/xamppfiles/htdocs/gudang-alfikri/vendor/codeigniter4/framework/system/CodeIgniter.php(326): CodeIgniter\CodeIgniter->handleRequest(NULL, Object(Config\Cache), false)
#4 /Applications/XAMPP/xamppfiles/htdocs/gudang-alfikri/public/index.php(37): CodeIgniter\CodeIgniter->run()
#5 /Applications/XAMPP/xamppfiles/htdocs/gudang-alfikri/vendor/codeigniter4/framework/system/Commands/Server/rewrite.php(43): require_once('/Applications/X...')
#6 {main}
CRITICAL - 2022-06-04 01:56:26 --> Undefined index: province_name
#0 /Applications/XAMPP/xamppfiles/htdocs/gudang-alfikri/Modules/Masters/Views/customer/index.php(107): CodeIgniter\Debug\Exceptions->errorHandler(8, 'Undefined index...', '/Applications/X...', 107, Array)
#1 /Applications/XAMPP/xamppfiles/htdocs/gudang-alfikri/vendor/codeigniter4/framework/system/View/View.php(210): include('/Applications/X...')
#2 /Applications/XAMPP/xamppfiles/htdocs/gudang-alfikri/vendor/codeigniter4/framework/system/View/View.php(213): CodeIgniter\View\View->CodeIgniter\View\{closure}()
#3 /Applications/XAMPP/xamppfiles/htdocs/gudang-alfikri/vendor/codeigniter4/framework/system/Common.php(1089): CodeIgniter\View\View->render('Modules\\Masters...', Array, true)
#4 /Applications/XAMPP/xamppfiles/htdocs/gudang-alfikri/Modules/Masters/Controllers/CustomerController.php(13): view('Modules\\Masters...', Array)
#5 /Applications/XAMPP/xamppfiles/htdocs/gudang-alfikri/vendor/codeigniter4/framework/system/CodeIgniter.php(832): Modules\Masters\Controllers\CustomerController->index()
#6 /Applications/XAMPP/xamppfiles/htdocs/gudang-alfikri/vendor/codeigniter4/framework/system/CodeIgniter.php(419): CodeIgniter\CodeIgniter->runController(Object(Modules\Masters\Controllers\CustomerController))
#7 /Applications/XAMPP/xamppfiles/htdocs/gudang-alfikri/vendor/codeigniter4/framework/system/CodeIgniter.php(326): CodeIgniter\CodeIgniter->handleRequest(NULL, Object(Config\Cache), false)
#8 /Applications/XAMPP/xamppfiles/htdocs/gudang-alfikri/public/index.php(37): CodeIgniter\CodeIgniter->run()
#9 /Applications/XAMPP/xamppfiles/htdocs/gudang-alfikri/vendor/codeigniter4/framework/system/Commands/Server/rewrite.php(43): require_once('/Applications/X...')
#10 {main}
CRITICAL - 2022-06-04 02:06:34 --> Illegal string offset 'rajaongkir'
#0 /Applications/XAMPP/xamppfiles/htdocs/gudang-alfikri/app/Helpers/public_helper.php(33): CodeIgniter\Debug\Exceptions->errorHandler(2, 'Illegal string ...', '/Applications/X...', 33, Array)
#1 /Applications/XAMPP/xamppfiles/htdocs/gudang-alfikri/Modules/Masters/Controllers/CustomerController.php(12): get_province()
#2 /Applications/XAMPP/xamppfiles/htdocs/gudang-alfikri/vendor/codeigniter4/framework/system/CodeIgniter.php(832): Modules\Masters\Controllers\CustomerController->index()
#3 /Applications/XAMPP/xamppfiles/htdocs/gudang-alfikri/vendor/codeigniter4/framework/system/CodeIgniter.php(419): CodeIgniter\CodeIgniter->runController(Object(Modules\Masters\Controllers\CustomerController))
#4 /Applications/XAMPP/xamppfiles/htdocs/gudang-alfikri/vendor/codeigniter4/framework/system/CodeIgniter.php(326): CodeIgniter\CodeIgniter->handleRequest(NULL, Object(Config\Cache), false)
#5 /Applications/XAMPP/xamppfiles/htdocs/gudang-alfikri/public/index.php(37): CodeIgniter\CodeIgniter->run()
#6 /Applications/XAMPP/xamppfiles/htdocs/gudang-alfikri/vendor/codeigniter4/framework/system/Commands/Server/rewrite.php(43): require_once('/Applications/X...')
#7 {main}
CRITICAL - 2022-06-04 02:06:34 --> Illegal string offset 'rajaongkir'
#0 /Applications/XAMPP/xamppfiles/htdocs/gudang-alfikri/app/Helpers/public_helper.php(33): CodeIgniter\Debug\Exceptions->errorHandler(2, 'Illegal string ...', '/Applications/X...', 33, Array)
#1 /Applications/XAMPP/xamppfiles/htdocs/gudang-alfikri/Modules/Masters/Controllers/CustomerController.php(12): get_province()
#2 /Applications/XAMPP/xamppfiles/htdocs/gudang-alfikri/vendor/codeigniter4/framework/system/CodeIgniter.php(832): Modules\Masters\Controllers\CustomerController->index()
#3 /Applications/XAMPP/xamppfiles/htdocs/gudang-alfikri/vendor/codeigniter4/framework/system/CodeIgniter.php(419): CodeIgniter\CodeIgniter->runController(Object(Modules\Masters\Controllers\CustomerController))
#4 /Applications/XAMPP/xamppfiles/htdocs/gudang-alfikri/vendor/codeigniter4/framework/system/CodeIgniter.php(326): CodeIgniter\CodeIgniter->handleRequest(NULL, Object(Config\Cache), false)
#5 /Applications/XAMPP/xamppfiles/htdocs/gudang-alfikri/public/index.php(37): CodeIgniter\CodeIgniter->run()
#6 /Applications/XAMPP/xamppfiles/htdocs/gudang-alfikri/vendor/codeigniter4/framework/system/Commands/Server/rewrite.php(43): require_once('/Applications/X...')
#7 {main}
CRITICAL - 2022-06-04 02:06:42 --> Illegal string offset 'rajaongkir'
#0 /Applications/XAMPP/xamppfiles/htdocs/gudang-alfikri/app/Helpers/public_helper.php(33): CodeIgniter\Debug\Exceptions->errorHandler(2, 'Illegal string ...', '/Applications/X...', 33, Array)
#1 /Applications/XAMPP/xamppfiles/htdocs/gudang-alfikri/Modules/Masters/Controllers/CustomerController.php(12): get_province()
#2 /Applications/XAMPP/xamppfiles/htdocs/gudang-alfikri/vendor/codeigniter4/framework/system/CodeIgniter.php(832): Modules\Masters\Controllers\CustomerController->index()
#3 /Applications/XAMPP/xamppfiles/htdocs/gudang-alfikri/vendor/codeigniter4/framework/system/CodeIgniter.php(419): CodeIgniter\CodeIgniter->runController(Object(Modules\Masters\Controllers\CustomerController))
#4 /Applications/XAMPP/xamppfiles/htdocs/gudang-alfikri/vendor/codeigniter4/framework/system/CodeIgniter.php(326): CodeIgniter\CodeIgniter->handleRequest(NULL, Object(Config\Cache), false)
#5 /Applications/XAMPP/xamppfiles/htdocs/gudang-alfikri/public/index.php(37): CodeIgniter\CodeIgniter->run()
#6 /Applications/XAMPP/xamppfiles/htdocs/gudang-alfikri/vendor/codeigniter4/framework/system/Commands/Server/rewrite.php(43): require_once('/Applications/X...')
#7 {main}
CRITICAL - 2022-06-04 02:07:01 --> Illegal string offset 'rajaongkir'
#0 /Applications/XAMPP/xamppfiles/htdocs/gudang-alfikri/app/Helpers/public_helper.php(33): CodeIgniter\Debug\Exceptions->errorHandler(2, 'Illegal string ...', '/Applications/X...', 33, Array)
#1 /Applications/XAMPP/xamppfiles/htdocs/gudang-alfikri/Modules/Masters/Controllers/CustomerController.php(12): get_province()
#2 /Applications/XAMPP/xamppfiles/htdocs/gudang-alfikri/vendor/codeigniter4/framework/system/CodeIgniter.php(832): Modules\Masters\Controllers\CustomerController->index()
#3 /Applications/XAMPP/xamppfiles/htdocs/gudang-alfikri/vendor/codeigniter4/framework/system/CodeIgniter.php(419): CodeIgniter\CodeIgniter->runController(Object(Modules\Masters\Controllers\CustomerController))
#4 /Applications/XAMPP/xamppfiles/htdocs/gudang-alfikri/vendor/codeigniter4/framework/system/CodeIgniter.php(326): CodeIgniter\CodeIgniter->handleRequest(NULL, Object(Config\Cache), false)
#5 /Applications/XAMPP/xamppfiles/htdocs/gudang-alfikri/public/index.php(37): CodeIgniter\CodeIgniter->run()
#6 /Applications/XAMPP/xamppfiles/htdocs/gudang-alfikri/vendor/codeigniter4/framework/system/Commands/Server/rewrite.php(43): require_once('/Applications/X...')
#7 {main}
CRITICAL - 2022-06-04 02:07:06 --> Illegal string offset 'rajaongkir'
#0 /Applications/XAMPP/xamppfiles/htdocs/gudang-alfikri/app/Helpers/public_helper.php(33): CodeIgniter\Debug\Exceptions->errorHandler(2, 'Illegal string ...', '/Applications/X...', 33, Array)
#1 /Applications/XAMPP/xamppfiles/htdocs/gudang-alfikri/Modules/Masters/Controllers/CustomerController.php(12): get_province()
#2 /Applications/XAMPP/xamppfiles/htdocs/gudang-alfikri/vendor/codeigniter4/framework/system/CodeIgniter.php(832): Modules\Masters\Controllers\CustomerController->index()
#3 /Applications/XAMPP/xamppfiles/htdocs/gudang-alfikri/vendor/codeigniter4/framework/system/CodeIgniter.php(419): CodeIgniter\CodeIgniter->runController(Object(Modules\Masters\Controllers\CustomerController))
#4 /Applications/XAMPP/xamppfiles/htdocs/gudang-alfikri/vendor/codeigniter4/framework/system/CodeIgniter.php(326): CodeIgniter\CodeIgniter->handleRequest(NULL, Object(Config\Cache), false)
#5 /Applications/XAMPP/xamppfiles/htdocs/gudang-alfikri/public/index.php(37): CodeIgniter\CodeIgniter->run()
#6 /Applications/XAMPP/xamppfiles/htdocs/gudang-alfikri/vendor/codeigniter4/framework/system/Commands/Server/rewrite.php(43): require_once('/Applications/X...')
#7 {main}
CRITICAL - 2022-06-04 02:07:49 --> Invalid argument supplied for foreach()
#0 /Applications/XAMPP/xamppfiles/htdocs/gudang-alfikri/Modules/Masters/Views/customer/index.php(106): CodeIgniter\Debug\Exceptions->errorHandler(2, 'Invalid argumen...', '/Applications/X...', 106, Array)
#1 /Applications/XAMPP/xamppfiles/htdocs/gudang-alfikri/vendor/codeigniter4/framework/system/View/View.php(210): include('/Applications/X...')
#2 /Applications/XAMPP/xamppfiles/htdocs/gudang-alfikri/vendor/codeigniter4/framework/system/View/View.php(213): CodeIgniter\View\View->CodeIgniter\View\{closure}()
#3 /Applications/XAMPP/xamppfiles/htdocs/gudang-alfikri/vendor/codeigniter4/framework/system/Common.php(1089): CodeIgniter\View\View->render('Modules\\Masters...', Array, true)
#4 /Applications/XAMPP/xamppfiles/htdocs/gudang-alfikri/Modules/Masters/Controllers/CustomerController.php(14): view('Modules\\Masters...', Array)
#5 /Applications/XAMPP/xamppfiles/htdocs/gudang-alfikri/vendor/codeigniter4/framework/system/CodeIgniter.php(832): Modules\Masters\Controllers\CustomerController->index()
#6 /Applications/XAMPP/xamppfiles/htdocs/gudang-alfikri/vendor/codeigniter4/framework/system/CodeIgniter.php(419): CodeIgniter\CodeIgniter->runController(Object(Modules\Masters\Controllers\CustomerController))
#7 /Applications/XAMPP/xamppfiles/htdocs/gudang-alfikri/vendor/codeigniter4/framework/system/CodeIgniter.php(326): CodeIgniter\CodeIgniter->handleRequest(NULL, Object(Config\Cache), false)
#8 /Applications/XAMPP/xamppfiles/htdocs/gudang-alfikri/public/index.php(37): CodeIgniter\CodeIgniter->run()
#9 /Applications/XAMPP/xamppfiles/htdocs/gudang-alfikri/vendor/codeigniter4/framework/system/Commands/Server/rewrite.php(43): require_once('/Applications/X...')
#10 {main}
CRITICAL - 2022-06-04 02:09:05 --> Invalid argument supplied for foreach()
#0 /Applications/XAMPP/xamppfiles/htdocs/gudang-alfikri/Modules/Masters/Views/customer/index.php(111): CodeIgniter\Debug\Exceptions->errorHandler(2, 'Invalid argumen...', '/Applications/X...', 111, Array)
#1 /Applications/XAMPP/xamppfiles/htdocs/gudang-alfikri/vendor/codeigniter4/framework/system/View/View.php(210): include('/Applications/X...')
#2 /Applications/XAMPP/xamppfiles/htdocs/gudang-alfikri/vendor/codeigniter4/framework/system/View/View.php(213): CodeIgniter\View\View->CodeIgniter\View\{closure}()
#3 /Applications/XAMPP/xamppfiles/htdocs/gudang-alfikri/vendor/codeigniter4/framework/system/Common.php(1089): CodeIgniter\View\View->render('Modules\\Masters...', Array, true)
#4 /Applications/XAMPP/xamppfiles/htdocs/gudang-alfikri/Modules/Masters/Controllers/CustomerController.php(13): view('Modules\\Masters...', Array)
#5 /Applications/XAMPP/xamppfiles/htdocs/gudang-alfikri/vendor/codeigniter4/framework/system/CodeIgniter.php(832): Modules\Masters\Controllers\CustomerController->index()
#6 /Applications/XAMPP/xamppfiles/htdocs/gudang-alfikri/vendor/codeigniter4/framework/system/CodeIgniter.php(419): CodeIgniter\CodeIgniter->runController(Object(Modules\Masters\Controllers\CustomerController))
#7 /Applications/XAMPP/xamppfiles/htdocs/gudang-alfikri/vendor/codeigniter4/framework/system/CodeIgniter.php(326): CodeIgniter\CodeIgniter->handleRequest(NULL, Object(Config\Cache), false)
#8 /Applications/XAMPP/xamppfiles/htdocs/gudang-alfikri/public/index.php(37): CodeIgniter\CodeIgniter->run()
#9 /Applications/XAMPP/xamppfiles/htdocs/gudang-alfikri/vendor/codeigniter4/framework/system/Commands/Server/rewrite.php(43): require_once('/Applications/X...')
#10 {main}
CRITICAL - 2022-06-04 03:16:09 --> Call to undefined function base_ur()
#0 /Applications/XAMPP/xamppfiles/htdocs/gudang-alfikri/vendor/codeigniter4/framework/system/View/View.php(210): include()
#1 /Applications/XAMPP/xamppfiles/htdocs/gudang-alfikri/vendor/codeigniter4/framework/system/View/View.php(213): CodeIgniter\View\View->CodeIgniter\View\{closure}()
#2 /Applications/XAMPP/xamppfiles/htdocs/gudang-alfikri/vendor/codeigniter4/framework/system/View/View.php(424): CodeIgniter\View\View->render('layout/footer', NULL, true)
#3 /Applications/XAMPP/xamppfiles/htdocs/gudang-alfikri/app/Views/layout/page_layout.php(59): CodeIgniter\View\View->include('layout/footer')
#4 /Applications/XAMPP/xamppfiles/htdocs/gudang-alfikri/vendor/codeigniter4/framework/system/View/View.php(210): include('/Applications/X...')
#5 /Applications/XAMPP/xamppfiles/htdocs/gudang-alfikri/vendor/codeigniter4/framework/system/View/View.php(213): CodeIgniter\View\View->CodeIgniter\View\{closure}()
#6 /Applications/XAMPP/xamppfiles/htdocs/gudang-alfikri/vendor/codeigniter4/framework/system/View/View.php(226): CodeIgniter\View\View->render('layout/page_lay...', Array, true)
#7 /Applications/XAMPP/xamppfiles/htdocs/gudang-alfikri/vendor/codeigniter4/framework/system/Common.php(1089): CodeIgniter\View\View->render('Modules\\Masters...', Array, true)
#8 /Applications/XAMPP/xamppfiles/htdocs/gudang-alfikri/Modules/Masters/Controllers/CustomerController.php(13): view('Modules\\Masters...', Array)
#9 /Applications/XAMPP/xamppfiles/htdocs/gudang-alfikri/vendor/codeigniter4/framework/system/CodeIgniter.php(832): Modules\Masters\Controllers\CustomerController->index()
#10 /Applications/XAMPP/xamppfiles/htdocs/gudang-alfikri/vendor/codeigniter4/framework/system/CodeIgniter.php(419): CodeIgniter\CodeIgniter->runController(Object(Modules\Masters\Controllers\CustomerController))
#11 /Applications/XAMPP/xamppfiles/htdocs/gudang-alfikri/vendor/codeigniter4/framework/system/CodeIgniter.php(326): CodeIgniter\CodeIgniter->handleRequest(NULL, Object(Config\Cache), false)
#12 /Applications/XAMPP/xamppfiles/htdocs/gudang-alfikri/public/index.php(37): CodeIgniter\CodeIgniter->run()
#13 /Applications/XAMPP/xamppfiles/htdocs/gudang-alfikri/vendor/codeigniter4/framework/system/Commands/Server/rewrite.php(43): require_once('/Applications/X...')
#14 {main}
CRITICAL - 2022-06-04 03:16:32 --> Call to undefined function base_ur()
#0 /Applications/XAMPP/xamppfiles/htdocs/gudang-alfikri/vendor/codeigniter4/framework/system/View/View.php(210): include()
#1 /Applications/XAMPP/xamppfiles/htdocs/gudang-alfikri/vendor/codeigniter4/framework/system/View/View.php(213): CodeIgniter\View\View->CodeIgniter\View\{closure}()
#2 /Applications/XAMPP/xamppfiles/htdocs/gudang-alfikri/vendor/codeigniter4/framework/system/View/View.php(424): CodeIgniter\View\View->render('layout/footer', NULL, true)
#3 /Applications/XAMPP/xamppfiles/htdocs/gudang-alfikri/app/Views/layout/page_layout.php(59): CodeIgniter\View\View->include('layout/footer')
#4 /Applications/XAMPP/xamppfiles/htdocs/gudang-alfikri/vendor/codeigniter4/framework/system/View/View.php(210): include('/Applications/X...')
#5 /Applications/XAMPP/xamppfiles/htdocs/gudang-alfikri/vendor/codeigniter4/framework/system/View/View.php(213): CodeIgniter\View\View->CodeIgniter\View\{closure}()
#6 /Applications/XAMPP/xamppfiles/htdocs/gudang-alfikri/vendor/codeigniter4/framework/system/View/View.php(226): CodeIgniter\View\View->render('layout/page_lay...', Array, true)
#7 /Applications/XAMPP/xamppfiles/htdocs/gudang-alfikri/vendor/codeigniter4/framework/system/Common.php(1089): CodeIgniter\View\View->render('Modules\\Masters...', Array, true)
#8 /Applications/XAMPP/xamppfiles/htdocs/gudang-alfikri/Modules/Masters/Controllers/CustomerController.php(13): view('Modules\\Masters...', Array)
#9 /Applications/XAMPP/xamppfiles/htdocs/gudang-alfikri/vendor/codeigniter4/framework/system/CodeIgniter.php(832): Modules\Masters\Controllers\CustomerController->index()
#10 /Applications/XAMPP/xamppfiles/htdocs/gudang-alfikri/vendor/codeigniter4/framework/system/CodeIgniter.php(419): CodeIgniter\CodeIgniter->runController(Object(Modules\Masters\Controllers\CustomerController))
#11 /Applications/XAMPP/xamppfiles/htdocs/gudang-alfikri/vendor/codeigniter4/framework/system/CodeIgniter.php(326): CodeIgniter\CodeIgniter->handleRequest(NULL, Object(Config\Cache), false)
#12 /Applications/XAMPP/xamppfiles/htdocs/gudang-alfikri/public/index.php(37): CodeIgniter\CodeIgniter->run()
#13 /Applications/XAMPP/xamppfiles/htdocs/gudang-alfikri/vendor/codeigniter4/framework/system/Commands/Server/rewrite.php(43): require_once('/Applications/X...')
#14 {main}
CRITICAL - 2022-06-04 03:16:47 --> Call to undefined function base_ur()
#0 /Applications/XAMPP/xamppfiles/htdocs/gudang-alfikri/vendor/codeigniter4/framework/system/View/View.php(210): include()
#1 /Applications/XAMPP/xamppfiles/htdocs/gudang-alfikri/vendor/codeigniter4/framework/system/View/View.php(213): CodeIgniter\View\View->CodeIgniter\View\{closure}()
#2 /Applications/XAMPP/xamppfiles/htdocs/gudang-alfikri/vendor/codeigniter4/framework/system/View/View.php(424): CodeIgniter\View\View->render('layout/footer', NULL, true)
#3 /Applications/XAMPP/xamppfiles/htdocs/gudang-alfikri/app/Views/layout/page_layout.php(59): CodeIgniter\View\View->include('layout/footer')
#4 /Applications/XAMPP/xamppfiles/htdocs/gudang-alfikri/vendor/codeigniter4/framework/system/View/View.php(210): include('/Applications/X...')
#5 /Applications/XAMPP/xamppfiles/htdocs/gudang-alfikri/vendor/codeigniter4/framework/system/View/View.php(213): CodeIgniter\View\View->CodeIgniter\View\{closure}()
#6 /Applications/XAMPP/xamppfiles/htdocs/gudang-alfikri/vendor/codeigniter4/framework/system/View/View.php(226): CodeIgniter\View\View->render('layout/page_lay...', Array, true)
#7 /Applications/XAMPP/xamppfiles/htdocs/gudang-alfikri/vendor/codeigniter4/framework/system/Common.php(1089): CodeIgniter\View\View->render('Modules\\Dashboa...', Array, true)
#8 /Applications/XAMPP/xamppfiles/htdocs/gudang-alfikri/Modules/Dashboard/Controllers/DashboardController.php(17): view('Modules\\Dashboa...', Array)
#9 /Applications/XAMPP/xamppfiles/htdocs/gudang-alfikri/vendor/codeigniter4/framework/system/CodeIgniter.php(832): Modules\Dashboard\Controllers\DashboardController->index()
#10 /Applications/XAMPP/xamppfiles/htdocs/gudang-alfikri/vendor/codeigniter4/framework/system/CodeIgniter.php(419): CodeIgniter\CodeIgniter->runController(Object(Modules\Dashboard\Controllers\DashboardController))
#11 /Applications/XAMPP/xamppfiles/htdocs/gudang-alfikri/vendor/codeigniter4/framework/system/CodeIgniter.php(326): CodeIgniter\CodeIgniter->handleRequest(NULL, Object(Config\Cache), false)
#12 /Applications/XAMPP/xamppfiles/htdocs/gudang-alfikri/public/index.php(37): CodeIgniter\CodeIgniter->run()
#13 /Applications/XAMPP/xamppfiles/htdocs/gudang-alfikri/vendor/codeigniter4/framework/system/Commands/Server/rewrite.php(43): require_once('/Applications/X...')
#14 {main}
CRITICAL - 2022-06-04 03:17:00 --> Call to undefined function base_ur()
#0 /Applications/XAMPP/xamppfiles/htdocs/gudang-alfikri/vendor/codeigniter4/framework/system/View/View.php(210): include()
#1 /Applications/XAMPP/xamppfiles/htdocs/gudang-alfikri/vendor/codeigniter4/framework/system/View/View.php(213): CodeIgniter\View\View->CodeIgniter\View\{closure}()
#2 /Applications/XAMPP/xamppfiles/htdocs/gudang-alfikri/vendor/codeigniter4/framework/system/View/View.php(424): CodeIgniter\View\View->render('layout/footer', NULL, true)
#3 /Applications/XAMPP/xamppfiles/htdocs/gudang-alfikri/app/Views/layout/page_layout.php(59): CodeIgniter\View\View->include('layout/footer')
#4 /Applications/XAMPP/xamppfiles/htdocs/gudang-alfikri/vendor/codeigniter4/framework/system/View/View.php(210): include('/Applications/X...')
#5 /Applications/XAMPP/xamppfiles/htdocs/gudang-alfikri/vendor/codeigniter4/framework/system/View/View.php(213): CodeIgniter\View\View->CodeIgniter\View\{closure}()
#6 /Applications/XAMPP/xamppfiles/htdocs/gudang-alfikri/vendor/codeigniter4/framework/system/View/View.php(226): CodeIgniter\View\View->render('layout/page_lay...', Array, true)
#7 /Applications/XAMPP/xamppfiles/htdocs/gudang-alfikri/vendor/codeigniter4/framework/system/Common.php(1089): CodeIgniter\View\View->render('Modules\\Dashboa...', Array, true)
#8 /Applications/XAMPP/xamppfiles/htdocs/gudang-alfikri/Modules/Dashboard/Controllers/DashboardController.php(17): view('Modules\\Dashboa...', Array)
#9 /Applications/XAMPP/xamppfiles/htdocs/gudang-alfikri/vendor/codeigniter4/framework/system/CodeIgniter.php(832): Modules\Dashboard\Controllers\DashboardController->index()
#10 /Applications/XAMPP/xamppfiles/htdocs/gudang-alfikri/vendor/codeigniter4/framework/system/CodeIgniter.php(419): CodeIgniter\CodeIgniter->runController(Object(Modules\Dashboard\Controllers\DashboardController))
#11 /Applications/XAMPP/xamppfiles/htdocs/gudang-alfikri/vendor/codeigniter4/framework/system/CodeIgniter.php(326): CodeIgniter\CodeIgniter->handleRequest(NULL, Object(Config\Cache), false)
#12 /Applications/XAMPP/xamppfiles/htdocs/gudang-alfikri/public/index.php(37): CodeIgniter\CodeIgniter->run()
#13 /Applications/XAMPP/xamppfiles/htdocs/gudang-alfikri/vendor/codeigniter4/framework/system/Commands/Server/rewrite.php(43): require_once('/Applications/X...')
#14 {main}
CRITICAL - 2022-06-04 03:19:05 --> Call to undefined function base_ur()
#0 /Applications/XAMPP/xamppfiles/htdocs/gudang-alfikri/vendor/codeigniter4/framework/system/View/View.php(210): include()
#1 /Applications/XAMPP/xamppfiles/htdocs/gudang-alfikri/vendor/codeigniter4/framework/system/View/View.php(213): CodeIgniter\View\View->CodeIgniter\View\{closure}()
#2 /Applications/XAMPP/xamppfiles/htdocs/gudang-alfikri/vendor/codeigniter4/framework/system/View/View.php(424): CodeIgniter\View\View->render('layout/footer', NULL, true)
#3 /Applications/XAMPP/xamppfiles/htdocs/gudang-alfikri/app/Views/layout/page_layout.php(59): CodeIgniter\View\View->include('layout/footer')
#4 /Applications/XAMPP/xamppfiles/htdocs/gudang-alfikri/vendor/codeigniter4/framework/system/View/View.php(210): include('/Applications/X...')
#5 /Applications/XAMPP/xamppfiles/htdocs/gudang-alfikri/vendor/codeigniter4/framework/system/View/View.php(213): CodeIgniter\View\View->CodeIgniter\View\{closure}()
#6 /Applications/XAMPP/xamppfiles/htdocs/gudang-alfikri/vendor/codeigniter4/framework/system/View/View.php(226): CodeIgniter\View\View->render('layout/page_lay...', Array, true)
#7 /Applications/XAMPP/xamppfiles/htdocs/gudang-alfikri/vendor/codeigniter4/framework/system/Common.php(1089): CodeIgniter\View\View->render('Modules\\Student...', Array, true)
#8 /Applications/XAMPP/xamppfiles/htdocs/gudang-alfikri/Modules/Student/Controllers/StudentController.php(13): view('Modules\\Student...', Array)
#9 /Applications/XAMPP/xamppfiles/htdocs/gudang-alfikri/vendor/codeigniter4/framework/system/CodeIgniter.php(832): Modules\Student\Controllers\StudentController->index()
#10 /Applications/XAMPP/xamppfiles/htdocs/gudang-alfikri/vendor/codeigniter4/framework/system/CodeIgniter.php(419): CodeIgniter\CodeIgniter->runController(Object(Modules\Student\Controllers\StudentController))
#11 /Applications/XAMPP/xamppfiles/htdocs/gudang-alfikri/vendor/codeigniter4/framework/system/CodeIgniter.php(326): CodeIgniter\CodeIgniter->handleRequest(NULL, Object(Config\Cache), false)
#12 /Applications/XAMPP/xamppfiles/htdocs/gudang-alfikri/public/index.php(37): CodeIgniter\CodeIgniter->run()
#13 /Applications/XAMPP/xamppfiles/htdocs/gudang-alfikri/vendor/codeigniter4/framework/system/Commands/Server/rewrite.php(43): require_once('/Applications/X...')
#14 {main}
CRITICAL - 2022-06-04 03:19:49 --> Call to undefined function base_ur()
#0 /Applications/XAMPP/xamppfiles/htdocs/gudang-alfikri/vendor/codeigniter4/framework/system/View/View.php(210): include()
#1 /Applications/XAMPP/xamppfiles/htdocs/gudang-alfikri/vendor/codeigniter4/framework/system/View/View.php(213): CodeIgniter\View\View->CodeIgniter\View\{closure}()
#2 /Applications/XAMPP/xamppfiles/htdocs/gudang-alfikri/vendor/codeigniter4/framework/system/View/View.php(424): CodeIgniter\View\View->render('layout/footer', NULL, true)
#3 /Applications/XAMPP/xamppfiles/htdocs/gudang-alfikri/app/Views/layout/page_layout.php(59): CodeIgniter\View\View->include('layout/footer')
#4 /Applications/XAMPP/xamppfiles/htdocs/gudang-alfikri/vendor/codeigniter4/framework/system/View/View.php(210): include('/Applications/X...')
#5 /Applications/XAMPP/xamppfiles/htdocs/gudang-alfikri/vendor/codeigniter4/framework/system/View/View.php(213): CodeIgniter\View\View->CodeIgniter\View\{closure}()
#6 /Applications/XAMPP/xamppfiles/htdocs/gudang-alfikri/vendor/codeigniter4/framework/system/View/View.php(226): CodeIgniter\View\View->render('layout/page_lay...', Array, true)
#7 /Applications/XAMPP/xamppfiles/htdocs/gudang-alfikri/vendor/codeigniter4/framework/system/Common.php(1089): CodeIgniter\View\View->render('Modules\\Student...', Array, true)
#8 /Applications/XAMPP/xamppfiles/htdocs/gudang-alfikri/Modules/Student/Controllers/StudentController.php(13): view('Modules\\Student...', Array)
#9 /Applications/XAMPP/xamppfiles/htdocs/gudang-alfikri/vendor/codeigniter4/framework/system/CodeIgniter.php(832): Modules\Student\Controllers\StudentController->index()
#10 /Applications/XAMPP/xamppfiles/htdocs/gudang-alfikri/vendor/codeigniter4/framework/system/CodeIgniter.php(419): CodeIgniter\CodeIgniter->runController(Object(Modules\Student\Controllers\StudentController))
#11 /Applications/XAMPP/xamppfiles/htdocs/gudang-alfikri/vendor/codeigniter4/framework/system/CodeIgniter.php(326): CodeIgniter\CodeIgniter->handleRequest(NULL, Object(Config\Cache), false)
#12 /Applications/XAMPP/xamppfiles/htdocs/gudang-alfikri/public/index.php(37): CodeIgniter\CodeIgniter->run()
#13 /Applications/XAMPP/xamppfiles/htdocs/gudang-alfikri/vendor/codeigniter4/framework/system/Commands/Server/rewrite.php(43): require_once('/Applications/X...')
#14 {main}
CRITICAL - 2022-06-04 03:20:23 --> Call to undefined function base_ur()
#0 /Applications/XAMPP/xamppfiles/htdocs/gudang-alfikri/vendor/codeigniter4/framework/system/View/View.php(210): include()
#1 /Applications/XAMPP/xamppfiles/htdocs/gudang-alfikri/vendor/codeigniter4/framework/system/View/View.php(213): CodeIgniter\View\View->CodeIgniter\View\{closure}()
#2 /Applications/XAMPP/xamppfiles/htdocs/gudang-alfikri/vendor/codeigniter4/framework/system/View/View.php(424): CodeIgniter\View\View->render('layout/footer', NULL, true)
#3 /Applications/XAMPP/xamppfiles/htdocs/gudang-alfikri/app/Views/layout/page_layout.php(59): CodeIgniter\View\View->include('layout/footer')
#4 /Applications/XAMPP/xamppfiles/htdocs/gudang-alfikri/vendor/codeigniter4/framework/system/View/View.php(210): include('/Applications/X...')
#5 /Applications/XAMPP/xamppfiles/htdocs/gudang-alfikri/vendor/codeigniter4/framework/system/View/View.php(213): CodeIgniter\View\View->CodeIgniter\View\{closure}()
#6 /Applications/XAMPP/xamppfiles/htdocs/gudang-alfikri/vendor/codeigniter4/framework/system/View/View.php(226): CodeIgniter\View\View->render('layout/page_lay...', Array, true)
#7 /Applications/XAMPP/xamppfiles/htdocs/gudang-alfikri/vendor/codeigniter4/framework/system/Common.php(1089): CodeIgniter\View\View->render('Modules\\Student...', Array, true)
#8 /Applications/XAMPP/xamppfiles/htdocs/gudang-alfikri/Modules/Student/Controllers/StudentController.php(13): view('Modules\\Student...', Array)
#9 /Applications/XAMPP/xamppfiles/htdocs/gudang-alfikri/vendor/codeigniter4/framework/system/CodeIgniter.php(832): Modules\Student\Controllers\StudentController->index()
#10 /Applications/XAMPP/xamppfiles/htdocs/gudang-alfikri/vendor/codeigniter4/framework/system/CodeIgniter.php(419): CodeIgniter\CodeIgniter->runController(Object(Modules\Student\Controllers\StudentController))
#11 /Applications/XAMPP/xamppfiles/htdocs/gudang-alfikri/vendor/codeigniter4/framework/system/CodeIgniter.php(326): CodeIgniter\CodeIgniter->handleRequest(NULL, Object(Config\Cache), false)
#12 /Applications/XAMPP/xamppfiles/htdocs/gudang-alfikri/public/index.php(37): CodeIgniter\CodeIgniter->run()
#13 /Applications/XAMPP/xamppfiles/htdocs/gudang-alfikri/vendor/codeigniter4/framework/system/Commands/Server/rewrite.php(43): require_once('/Applications/X...')
#14 {main}
CRITICAL - 2022-06-04 03:21:26 --> Call to undefined function base_ur()
#0 /Applications/XAMPP/xamppfiles/htdocs/gudang-alfikri/vendor/codeigniter4/framework/system/View/View.php(210): include()
#1 /Applications/XAMPP/xamppfiles/htdocs/gudang-alfikri/vendor/codeigniter4/framework/system/View/View.php(213): CodeIgniter\View\View->CodeIgniter\View\{closure}()
#2 /Applications/XAMPP/xamppfiles/htdocs/gudang-alfikri/vendor/codeigniter4/framework/system/View/View.php(424): CodeIgniter\View\View->render('layout/footer', NULL, true)
#3 /Applications/XAMPP/xamppfiles/htdocs/gudang-alfikri/app/Views/layout/page_layout.php(59): CodeIgniter\View\View->include('layout/footer')
#4 /Applications/XAMPP/xamppfiles/htdocs/gudang-alfikri/vendor/codeigniter4/framework/system/View/View.php(210): include('/Applications/X...')
#5 /Applications/XAMPP/xamppfiles/htdocs/gudang-alfikri/vendor/codeigniter4/framework/system/View/View.php(213): CodeIgniter\View\View->CodeIgniter\View\{closure}()
#6 /Applications/XAMPP/xamppfiles/htdocs/gudang-alfikri/vendor/codeigniter4/framework/system/View/View.php(226): CodeIgniter\View\View->render('layout/page_lay...', Array, true)
#7 /Applications/XAMPP/xamppfiles/htdocs/gudang-alfikri/vendor/codeigniter4/framework/system/Common.php(1089): CodeIgniter\View\View->render('Modules\\Student...', Array, true)
#8 /Applications/XAMPP/xamppfiles/htdocs/gudang-alfikri/Modules/Student/Controllers/StudentController.php(13): view('Modules\\Student...', Array)
#9 /Applications/XAMPP/xamppfiles/htdocs/gudang-alfikri/vendor/codeigniter4/framework/system/CodeIgniter.php(832): Modules\Student\Controllers\StudentController->index()
#10 /Applications/XAMPP/xamppfiles/htdocs/gudang-alfikri/vendor/codeigniter4/framework/system/CodeIgniter.php(419): CodeIgniter\CodeIgniter->runController(Object(Modules\Student\Controllers\StudentController))
#11 /Applications/XAMPP/xamppfiles/htdocs/gudang-alfikri/vendor/codeigniter4/framework/system/CodeIgniter.php(326): CodeIgniter\CodeIgniter->handleRequest(NULL, Object(Config\Cache), false)
#12 /Applications/XAMPP/xamppfiles/htdocs/gudang-alfikri/public/index.php(37): CodeIgniter\CodeIgniter->run()
#13 /Applications/XAMPP/xamppfiles/htdocs/gudang-alfikri/vendor/codeigniter4/framework/system/Commands/Server/rewrite.php(43): require_once('/Applications/X...')
#14 {main}
CRITICAL - 2022-06-04 04:02:49 --> Undefined index: id
#0 /Applications/XAMPP/xamppfiles/htdocs/gudang-alfikri/Modules/Masters/Controllers/CustomerController.php(24): CodeIgniter\Debug\Exceptions->errorHandler(8, 'Undefined index...', '/Applications/X...', 24, Array)
#1 /Applications/XAMPP/xamppfiles/htdocs/gudang-alfikri/vendor/codeigniter4/framework/system/CodeIgniter.php(832): Modules\Masters\Controllers\CustomerController->get_city()
#2 /Applications/XAMPP/xamppfiles/htdocs/gudang-alfikri/vendor/codeigniter4/framework/system/CodeIgniter.php(419): CodeIgniter\CodeIgniter->runController(Object(Modules\Masters\Controllers\CustomerController))
#3 /Applications/XAMPP/xamppfiles/htdocs/gudang-alfikri/vendor/codeigniter4/framework/system/CodeIgniter.php(326): CodeIgniter\CodeIgniter->handleRequest(NULL, Object(Config\Cache), false)
#4 /Applications/XAMPP/xamppfiles/htdocs/gudang-alfikri/public/index.php(37): CodeIgniter\CodeIgniter->run()
#5 /Applications/XAMPP/xamppfiles/htdocs/gudang-alfikri/vendor/codeigniter4/framework/system/Commands/Server/rewrite.php(43): require_once('/Applications/X...')
#6 {main}
CRITICAL - 2022-06-04 04:23:19 --> Call to undefined function Modules\Masters\Controllers\get_subdistrict()
#0 /Applications/XAMPP/xamppfiles/htdocs/gudang-alfikri/vendor/codeigniter4/framework/system/CodeIgniter.php(832): Modules\Masters\Controllers\CustomerController->get_subdistrict()
#1 /Applications/XAMPP/xamppfiles/htdocs/gudang-alfikri/vendor/codeigniter4/framework/system/CodeIgniter.php(419): CodeIgniter\CodeIgniter->runController(Object(Modules\Masters\Controllers\CustomerController))
#2 /Applications/XAMPP/xamppfiles/htdocs/gudang-alfikri/vendor/codeigniter4/framework/system/CodeIgniter.php(326): CodeIgniter\CodeIgniter->handleRequest(NULL, Object(Config\Cache), false)
#3 /Applications/XAMPP/xamppfiles/htdocs/gudang-alfikri/public/index.php(37): CodeIgniter\CodeIgniter->run()
#4 /Applications/XAMPP/xamppfiles/htdocs/gudang-alfikri/vendor/codeigniter4/framework/system/Commands/Server/rewrite.php(43): require_once('/Applications/X...')
#5 {main}
CRITICAL - 2022-06-04 04:59:41 --> Call to undefined function Modules\Masters\Controllers\rand_string()
#0 /Applications/XAMPP/xamppfiles/htdocs/gudang-alfikri/vendor/codeigniter4/framework/system/CodeIgniter.php(832): Modules\Masters\Controllers\CustomerController->save()
#1 /Applications/XAMPP/xamppfiles/htdocs/gudang-alfikri/vendor/codeigniter4/framework/system/CodeIgniter.php(419): CodeIgniter\CodeIgniter->runController(Object(Modules\Masters\Controllers\CustomerController))
#2 /Applications/XAMPP/xamppfiles/htdocs/gudang-alfikri/vendor/codeigniter4/framework/system/CodeIgniter.php(326): CodeIgniter\CodeIgniter->handleRequest(NULL, Object(Config\Cache), false)
#3 /Applications/XAMPP/xamppfiles/htdocs/gudang-alfikri/public/index.php(37): CodeIgniter\CodeIgniter->run()
#4 /Applications/XAMPP/xamppfiles/htdocs/gudang-alfikri/vendor/codeigniter4/framework/system/Commands/Server/rewrite.php(43): require_once('/Applications/X...')
#5 {main}
CRITICAL - 2022-06-04 05:00:51 --> Call to undefined function Modules\Masters\Controllers\random_string()
#0 /Applications/XAMPP/xamppfiles/htdocs/gudang-alfikri/vendor/codeigniter4/framework/system/CodeIgniter.php(832): Modules\Masters\Controllers\CustomerController->save()
#1 /Applications/XAMPP/xamppfiles/htdocs/gudang-alfikri/vendor/codeigniter4/framework/system/CodeIgniter.php(419): CodeIgniter\CodeIgniter->runController(Object(Modules\Masters\Controllers\CustomerController))
#2 /Applications/XAMPP/xamppfiles/htdocs/gudang-alfikri/vendor/codeigniter4/framework/system/CodeIgniter.php(326): CodeIgniter\CodeIgniter->handleRequest(NULL, Object(Config\Cache), false)
#3 /Applications/XAMPP/xamppfiles/htdocs/gudang-alfikri/public/index.php(37): CodeIgniter\CodeIgniter->run()
#4 /Applications/XAMPP/xamppfiles/htdocs/gudang-alfikri/vendor/codeigniter4/framework/system/Commands/Server/rewrite.php(43): require_once('/Applications/X...')
#5 {main}
ERROR - 2022-06-04 05:06:41 --> Unknown column 'delete_at' in 'where clause'
CRITICAL - 2022-06-04 05:06:41 --> Unknown column 'delete_at' in 'where clause'
#0 /Applications/XAMPP/xamppfiles/htdocs/gudang-alfikri/vendor/codeigniter4/framework/system/Database/MySQLi/Connection.php(292): mysqli->query('SELECT *\nFROM `...', 0)
#1 /Applications/XAMPP/xamppfiles/htdocs/gudang-alfikri/vendor/codeigniter4/framework/system/Database/BaseConnection.php(670): CodeIgniter\Database\MySQLi\Connection->execute('SELECT *\nFROM `...')
#2 /Applications/XAMPP/xamppfiles/htdocs/gudang-alfikri/vendor/codeigniter4/framework/system/Database/BaseConnection.php(598): CodeIgniter\Database\BaseConnection->simpleQuery('SELECT *\nFROM `...')
#3 /Applications/XAMPP/xamppfiles/htdocs/gudang-alfikri/vendor/codeigniter4/framework/system/Database/BaseBuilder.php(1455): CodeIgniter\Database\BaseConnection->query('SELECT *\nFROM `...', Array, false)
#4 /Applications/XAMPP/xamppfiles/htdocs/gudang-alfikri/app/Helpers/crud_helper.php(7): CodeIgniter\Database\BaseBuilder->get(0)
#5 /Applications/XAMPP/xamppfiles/htdocs/gudang-alfikri/Modules/Masters/Controllers/CustomerController.php(18): get_data('*', 'tb_customer', Array)
#6 /Applications/XAMPP/xamppfiles/htdocs/gudang-alfikri/vendor/codeigniter4/framework/system/CodeIgniter.php(832): Modules\Masters\Controllers\CustomerController->get_data()
#7 /Applications/XAMPP/xamppfiles/htdocs/gudang-alfikri/vendor/codeigniter4/framework/system/CodeIgniter.php(419): CodeIgniter\CodeIgniter->runController(Object(Modules\Masters\Controllers\CustomerController))
#8 /Applications/XAMPP/xamppfiles/htdocs/gudang-alfikri/vendor/codeigniter4/framework/system/CodeIgniter.php(326): CodeIgniter\CodeIgniter->handleRequest(NULL, Object(Config\Cache), false)
#9 /Applications/XAMPP/xamppfiles/htdocs/gudang-alfikri/public/index.php(37): CodeIgniter\CodeIgniter->run()
#10 /Applications/XAMPP/xamppfiles/htdocs/gudang-alfikri/vendor/codeigniter4/framework/system/Commands/Server/rewrite.php(43): require_once('/Applications/X...')
#11 {main}
CRITICAL - 2022-06-04 06:15:59 --> Undefined variable: table_name
#0 /Applications/XAMPP/xamppfiles/htdocs/gudang-alfikri/Modules/Log/Controllers/LogController.php(23): CodeIgniter\Debug\Exceptions->errorHandler(8, 'Undefined varia...', '/Applications/X...', 23, Array)
#1 /Applications/XAMPP/xamppfiles/htdocs/gudang-alfikri/vendor/codeigniter4/framework/system/CodeIgniter.php(832): Modules\Log\Controllers\LogController->get_data()
#2 /Applications/XAMPP/xamppfiles/htdocs/gudang-alfikri/vendor/codeigniter4/framework/system/CodeIgniter.php(419): CodeIgniter\CodeIgniter->runController(Object(Modules\Log\Controllers\LogController))
#3 /Applications/XAMPP/xamppfiles/htdocs/gudang-alfikri/vendor/codeigniter4/framework/system/CodeIgniter.php(326): CodeIgniter\CodeIgniter->handleRequest(NULL, Object(Config\Cache), false)
#4 /Applications/XAMPP/xamppfiles/htdocs/gudang-alfikri/public/index.php(37): CodeIgniter\CodeIgniter->run()
#5 /Applications/XAMPP/xamppfiles/htdocs/gudang-alfikri/vendor/codeigniter4/framework/system/Commands/Server/rewrite.php(43): require_once('/Applications/X...')
#6 {main}
CRITICAL - 2022-06-04 06:19:08 --> Call to undefined method CodeIgniter\Database\MySQLi\Builder::getResultArray()
#0 /Applications/XAMPP/xamppfiles/htdocs/gudang-alfikri/vendor/codeigniter4/framework/system/CodeIgniter.php(832): Modules\Log\Controllers\LogController->get_data()
#1 /Applications/XAMPP/xamppfiles/htdocs/gudang-alfikri/vendor/codeigniter4/framework/system/CodeIgniter.php(419): CodeIgniter\CodeIgniter->runController(Object(Modules\Log\Controllers\LogController))
#2 /Applications/XAMPP/xamppfiles/htdocs/gudang-alfikri/vendor/codeigniter4/framework/system/CodeIgniter.php(326): CodeIgniter\CodeIgniter->handleRequest(NULL, Object(Config\Cache), false)
#3 /Applications/XAMPP/xamppfiles/htdocs/gudang-alfikri/public/index.php(37): CodeIgniter\CodeIgniter->run()
#4 /Applications/XAMPP/xamppfiles/htdocs/gudang-alfikri/vendor/codeigniter4/framework/system/Commands/Server/rewrite.php(43): require_once('/Applications/X...')
#5 {main}
CRITICAL - 2022-06-04 06:27:06 --> Undefined index: table_1
#0 /Applications/XAMPP/xamppfiles/htdocs/gudang-alfikri/app/Helpers/crud_helper.php(48): CodeIgniter\Debug\Exceptions->errorHandler(8, 'Undefined index...', '/Applications/X...', 48, Array)
#1 /Applications/XAMPP/xamppfiles/htdocs/gudang-alfikri/Modules/Log/Controllers/LogController.php(31): get_data_join()
#2 /Applications/XAMPP/xamppfiles/htdocs/gudang-alfikri/vendor/codeigniter4/framework/system/CodeIgniter.php(832): Modules\Log\Controllers\LogController->get_data()
#3 /Applications/XAMPP/xamppfiles/htdocs/gudang-alfikri/vendor/codeigniter4/framework/system/CodeIgniter.php(419): CodeIgniter\CodeIgniter->runController(Object(Modules\Log\Controllers\LogController))
#4 /Applications/XAMPP/xamppfiles/htdocs/gudang-alfikri/vendor/codeigniter4/framework/system/CodeIgniter.php(326): CodeIgniter\CodeIgniter->handleRequest(NULL, Object(Config\Cache), false)
#5 /Applications/XAMPP/xamppfiles/htdocs/gudang-alfikri/public/index.php(37): CodeIgniter\CodeIgniter->run()
#6 /Applications/XAMPP/xamppfiles/htdocs/gudang-alfikri/vendor/codeigniter4/framework/system/Commands/Server/rewrite.php(43): require_once('/Applications/X...')
#7 {main}
CRITICAL - 2022-06-04 06:31:28 --> Undefined index: sort_by
#0 /Applications/XAMPP/xamppfiles/htdocs/gudang-alfikri/app/Helpers/crud_helper.php(52): CodeIgniter\Debug\Exceptions->errorHandler(8, 'Undefined index...', '/Applications/X...', 52, Array)
#1 /Applications/XAMPP/xamppfiles/htdocs/gudang-alfikri/Modules/Log/Controllers/LogController.php(33): get_data_join(Array)
#2 /Applications/XAMPP/xamppfiles/htdocs/gudang-alfikri/vendor/codeigniter4/framework/system/CodeIgniter.php(832): Modules\Log\Controllers\LogController->get_data()
#3 /Applications/XAMPP/xamppfiles/htdocs/gudang-alfikri/vendor/codeigniter4/framework/system/CodeIgniter.php(419): CodeIgniter\CodeIgniter->runController(Object(Modules\Log\Controllers\LogController))
#4 /Applications/XAMPP/xamppfiles/htdocs/gudang-alfikri/vendor/codeigniter4/framework/system/CodeIgniter.php(326): CodeIgniter\CodeIgniter->handleRequest(NULL, Object(Config\Cache), false)
#5 /Applications/XAMPP/xamppfiles/htdocs/gudang-alfikri/public/index.php(37): CodeIgniter\CodeIgniter->run()
#6 /Applications/XAMPP/xamppfiles/htdocs/gudang-alfikri/vendor/codeigniter4/framework/system/Commands/Server/rewrite.php(43): require_once('/Applications/X...')
#7 {main}
CRITICAL - 2022-06-04 06:31:33 --> Undefined index: sort_by
#0 /Applications/XAMPP/xamppfiles/htdocs/gudang-alfikri/app/Helpers/crud_helper.php(52): CodeIgniter\Debug\Exceptions->errorHandler(8, 'Undefined index...', '/Applications/X...', 52, Array)
#1 /Applications/XAMPP/xamppfiles/htdocs/gudang-alfikri/Modules/Log/Controllers/LogController.php(33): get_data_join(Array)
#2 /Applications/XAMPP/xamppfiles/htdocs/gudang-alfikri/vendor/codeigniter4/framework/system/CodeIgniter.php(832): Modules\Log\Controllers\LogController->get_data()
#3 /Applications/XAMPP/xamppfiles/htdocs/gudang-alfikri/vendor/codeigniter4/framework/system/CodeIgniter.php(419): CodeIgniter\CodeIgniter->runController(Object(Modules\Log\Controllers\LogController))
#4 /Applications/XAMPP/xamppfiles/htdocs/gudang-alfikri/vendor/codeigniter4/framework/system/CodeIgniter.php(326): CodeIgniter\CodeIgniter->handleRequest(NULL, Object(Config\Cache), false)
#5 /Applications/XAMPP/xamppfiles/htdocs/gudang-alfikri/public/index.php(37): CodeIgniter\CodeIgniter->run()
#6 /Applications/XAMPP/xamppfiles/htdocs/gudang-alfikri/vendor/codeigniter4/framework/system/Commands/Server/rewrite.php(43): require_once('/Applications/X...')
#7 {main}
