CRITICAL - 2023-02-01 22:24:31 --> Class 'Modules\Pegawai\Controllers\File' not found
in ROOTPATH/Modules/Pegawai/Controllers/PegawaiController.php on line 69.
 1 SYSTEMPATH/CodeIgniter.php(896): Modules\Pegawai\Controllers\PegawaiController->save()
 2 SYSTEMPATH/CodeIgniter.php(466): CodeIgniter\CodeIgniter->runController(Object(Modules\Pegawai\Controllers\PegawaiController))
 3 SYSTEMPATH/CodeIgniter.php(349): CodeIgniter\CodeIgniter->handleRequest(null, Object(Config\Cache), false)
 4 FCPATH/index.php(55): CodeIgniter\CodeIgniter->run()
 5 SYSTEMPATH/Commands/Server/rewrite.php(43): require_once('FCPATH/index.php')
CRITICAL - 2023-02-01 22:40:41 --> Undefined property: CodeIgniter\Files\File::$fileName
in ROOTPATH/Modules/Pegawai/Controllers/PegawaiController.php on line 72.
 1 ROOTPATH/Modules/Pegawai/Controllers/PegawaiController.php(72): CodeIgniter\Debug\Exceptions->errorHandler(8, 'Undefined property: CodeIgniter\\Files\\File::$fileName', 'ROOTPATH/Modules/Pegawai/Controllers/PegawaiController.php', 72, [...])
 2 SYSTEMPATH/CodeIgniter.php(896): Modules\Pegawai\Controllers\PegawaiController->save()
 3 SYSTEMPATH/CodeIgniter.php(466): CodeIgniter\CodeIgniter->runController(Object(Modules\Pegawai\Controllers\PegawaiController))
 4 SYSTEMPATH/CodeIgniter.php(349): CodeIgniter\CodeIgniter->handleRequest(null, Object(Config\Cache), false)
 5 FCPATH/index.php(55): CodeIgniter\CodeIgniter->run()
 6 SYSTEMPATH/Commands/Server/rewrite.php(43): require_once('FCPATH/index.php')
CRITICAL - 2023-02-01 22:40:59 --> Call to undefined method CodeIgniter\Files\File::fileName()
in ROOTPATH/Modules/Pegawai/Controllers/PegawaiController.php on line 72.
 1 SYSTEMPATH/CodeIgniter.php(896): Modules\Pegawai\Controllers\PegawaiController->save()
 2 SYSTEMPATH/CodeIgniter.php(466): CodeIgniter\CodeIgniter->runController(Object(Modules\Pegawai\Controllers\PegawaiController))
 3 SYSTEMPATH/CodeIgniter.php(349): CodeIgniter\CodeIgniter->handleRequest(null, Object(Config\Cache), false)
 4 FCPATH/index.php(55): CodeIgniter\CodeIgniter->run()
 5 SYSTEMPATH/Commands/Server/rewrite.php(43): require_once('FCPATH/index.php')
CRITICAL - 2023-02-01 22:42:55 --> Undefined variable: file
in ROOTPATH/Modules/Pegawai/Controllers/PegawaiController.php on line 72.
 1 ROOTPATH/Modules/Pegawai/Controllers/PegawaiController.php(72): CodeIgniter\Debug\Exceptions->errorHandler(8, 'Undefined variable: file', 'ROOTPATH/Modules/Pegawai/Controllers/PegawaiController.php', 72, [...])
 2 SYSTEMPATH/CodeIgniter.php(896): Modules\Pegawai\Controllers\PegawaiController->save()
 3 SYSTEMPATH/CodeIgniter.php(466): CodeIgniter\CodeIgniter->runController(Object(Modules\Pegawai\Controllers\PegawaiController))
 4 SYSTEMPATH/CodeIgniter.php(349): CodeIgniter\CodeIgniter->handleRequest(null, Object(Config\Cache), false)
 5 FCPATH/index.php(55): CodeIgniter\CodeIgniter->run()
 6 SYSTEMPATH/Commands/Server/rewrite.php(43): require_once('FCPATH/index.php')
CRITICAL - 2023-02-01 22:43:50 --> Call to undefined method CodeIgniter\Files\File::getName()
in ROOTPATH/Modules/Pegawai/Controllers/PegawaiController.php on line 72.
 1 SYSTEMPATH/CodeIgniter.php(896): Modules\Pegawai\Controllers\PegawaiController->save()
 2 SYSTEMPATH/CodeIgniter.php(466): CodeIgniter\CodeIgniter->runController(Object(Modules\Pegawai\Controllers\PegawaiController))
 3 SYSTEMPATH/CodeIgniter.php(349): CodeIgniter\CodeIgniter->handleRequest(null, Object(Config\Cache), false)
 4 FCPATH/index.php(55): CodeIgniter\CodeIgniter->run()
 5 SYSTEMPATH/Commands/Server/rewrite.php(43): require_once('FCPATH/index.php')
CRITICAL - 2023-02-01 22:47:31 --> finfo_file(/private/var/folders/8p/fk8d93vn04zcmcx7stsgj1kw0000gn/T/phpEHC2Sr): failed to open stream: No such file or directory
in SYSTEMPATH/Files/File.php on line 114.
 1 [internal function]: CodeIgniter\Debug\Exceptions->errorHandler(2, 'finfo_file(/private/var/folders/8p/fk8d93vn04zcmcx7stsgj1kw0000gn/T/phpEHC2Sr): failed to open stream: No such file or directory', 'SYSTEMPATH/Files/File.php', 114, [...])
 2 SYSTEMPATH/Files/File.php(114): finfo_file(resource (file_info), '/private/var/folders/8p/fk8d93vn04zcmcx7stsgj1kw0000gn/T/phpEHC2Sr')
 3 SYSTEMPATH/HTTP/Files/UploadedFile.php(302): CodeIgniter\Files\File->getMimeType()
 4 SYSTEMPATH/HTTP/Files/UploadedFile.php(291): CodeIgniter\HTTP\Files\UploadedFile->guessExtension()
 5 SYSTEMPATH/Files/File.php(126): CodeIgniter\HTTP\Files\UploadedFile->getExtension()
 6 SYSTEMPATH/HTTP/Files/UploadedFile.php(338): CodeIgniter\Files\File->getRandomName()
 7 ROOTPATH/Modules/Pegawai/Controllers/PegawaiController.php(74): CodeIgniter\HTTP\Files\UploadedFile->store()
 8 SYSTEMPATH/CodeIgniter.php(896): Modules\Pegawai\Controllers\PegawaiController->save()
 9 SYSTEMPATH/CodeIgniter.php(466): CodeIgniter\CodeIgniter->runController(Object(Modules\Pegawai\Controllers\PegawaiController))
10 SYSTEMPATH/CodeIgniter.php(349): CodeIgniter\CodeIgniter->handleRequest(null, Object(Config\Cache), false)
11 FCPATH/index.php(55): CodeIgniter\CodeIgniter->run()
12 SYSTEMPATH/Commands/Server/rewrite.php(43): require_once('FCPATH/index.php')
CRITICAL - 2023-02-01 22:50:29 --> finfo_file(/private/var/folders/8p/fk8d93vn04zcmcx7stsgj1kw0000gn/T/phpIh03aI): failed to open stream: No such file or directory
in SYSTEMPATH/Files/File.php on line 114.
 1 [internal function]: CodeIgniter\Debug\Exceptions->errorHandler(2, 'finfo_file(/private/var/folders/8p/fk8d93vn04zcmcx7stsgj1kw0000gn/T/phpIh03aI): failed to open stream: No such file or directory', 'SYSTEMPATH/Files/File.php', 114, [...])
 2 SYSTEMPATH/Files/File.php(114): finfo_file(resource (file_info), '/private/var/folders/8p/fk8d93vn04zcmcx7stsgj1kw0000gn/T/phpIh03aI')
 3 SYSTEMPATH/HTTP/Files/UploadedFile.php(302): CodeIgniter\Files\File->getMimeType()
 4 SYSTEMPATH/HTTP/Files/UploadedFile.php(291): CodeIgniter\HTTP\Files\UploadedFile->guessExtension()
 5 SYSTEMPATH/Files/File.php(126): CodeIgniter\HTTP\Files\UploadedFile->getExtension()
 6 SYSTEMPATH/HTTP/Files/UploadedFile.php(338): CodeIgniter\Files\File->getRandomName()
 7 ROOTPATH/Modules/Pegawai/Controllers/PegawaiController.php(70): CodeIgniter\HTTP\Files\UploadedFile->store()
 8 SYSTEMPATH/CodeIgniter.php(896): Modules\Pegawai\Controllers\PegawaiController->save()
 9 SYSTEMPATH/CodeIgniter.php(466): CodeIgniter\CodeIgniter->runController(Object(Modules\Pegawai\Controllers\PegawaiController))
10 SYSTEMPATH/CodeIgniter.php(349): CodeIgniter\CodeIgniter->handleRequest(null, Object(Config\Cache), false)
11 FCPATH/index.php(55): CodeIgniter\CodeIgniter->run()
12 SYSTEMPATH/Commands/Server/rewrite.php(43): require_once('FCPATH/index.php')
CRITICAL - 2023-02-01 22:50:43 --> finfo_file(/private/var/folders/8p/fk8d93vn04zcmcx7stsgj1kw0000gn/T/phpUJeoG7): failed to open stream: No such file or directory
in SYSTEMPATH/Files/File.php on line 114.
 1 [internal function]: CodeIgniter\Debug\Exceptions->errorHandler(2, 'finfo_file(/private/var/folders/8p/fk8d93vn04zcmcx7stsgj1kw0000gn/T/phpUJeoG7): failed to open stream: No such file or directory', 'SYSTEMPATH/Files/File.php', 114, [...])
 2 SYSTEMPATH/Files/File.php(114): finfo_file(resource (file_info), '/private/var/folders/8p/fk8d93vn04zcmcx7stsgj1kw0000gn/T/phpUJeoG7')
 3 SYSTEMPATH/HTTP/Files/UploadedFile.php(302): CodeIgniter\Files\File->getMimeType()
 4 SYSTEMPATH/HTTP/Files/UploadedFile.php(291): CodeIgniter\HTTP\Files\UploadedFile->guessExtension()
 5 SYSTEMPATH/Files/File.php(126): CodeIgniter\HTTP\Files\UploadedFile->getExtension()
 6 SYSTEMPATH/HTTP/Files/UploadedFile.php(338): CodeIgniter\Files\File->getRandomName()
 7 ROOTPATH/Modules/Pegawai/Controllers/PegawaiController.php(74): CodeIgniter\HTTP\Files\UploadedFile->store()
 8 SYSTEMPATH/CodeIgniter.php(896): Modules\Pegawai\Controllers\PegawaiController->save()
 9 SYSTEMPATH/CodeIgniter.php(466): CodeIgniter\CodeIgniter->runController(Object(Modules\Pegawai\Controllers\PegawaiController))
10 SYSTEMPATH/CodeIgniter.php(349): CodeIgniter\CodeIgniter->handleRequest(null, Object(Config\Cache), false)
11 FCPATH/index.php(55): CodeIgniter\CodeIgniter->run()
12 SYSTEMPATH/Commands/Server/rewrite.php(43): require_once('FCPATH/index.php')
CRITICAL - 2023-02-01 22:52:19 --> finfo_file(/private/var/folders/8p/fk8d93vn04zcmcx7stsgj1kw0000gn/T/php7H3su4): failed to open stream: No such file or directory
in SYSTEMPATH/Files/File.php on line 114.
 1 [internal function]: CodeIgniter\Debug\Exceptions->errorHandler(2, 'finfo_file(/private/var/folders/8p/fk8d93vn04zcmcx7stsgj1kw0000gn/T/php7H3su4): failed to open stream: No such file or directory', 'SYSTEMPATH/Files/File.php', 114, [...])
 2 SYSTEMPATH/Files/File.php(114): finfo_file(resource (file_info), '/private/var/folders/8p/fk8d93vn04zcmcx7stsgj1kw0000gn/T/php7H3su4')
 3 SYSTEMPATH/HTTP/Files/UploadedFile.php(302): CodeIgniter\Files\File->getMimeType()
 4 SYSTEMPATH/HTTP/Files/UploadedFile.php(291): CodeIgniter\HTTP\Files\UploadedFile->guessExtension()
 5 SYSTEMPATH/Files/File.php(126): CodeIgniter\HTTP\Files\UploadedFile->getExtension()
 6 SYSTEMPATH/HTTP/Files/UploadedFile.php(338): CodeIgniter\Files\File->getRandomName()
 7 ROOTPATH/Modules/Pegawai/Controllers/PegawaiController.php(75): CodeIgniter\HTTP\Files\UploadedFile->store()
 8 SYSTEMPATH/CodeIgniter.php(896): Modules\Pegawai\Controllers\PegawaiController->save()
 9 SYSTEMPATH/CodeIgniter.php(466): CodeIgniter\CodeIgniter->runController(Object(Modules\Pegawai\Controllers\PegawaiController))
10 SYSTEMPATH/CodeIgniter.php(349): CodeIgniter\CodeIgniter->handleRequest(null, Object(Config\Cache), false)
11 FCPATH/index.php(55): CodeIgniter\CodeIgniter->run()
12 SYSTEMPATH/Commands/Server/rewrite.php(43): require_once('FCPATH/index.php')
